This is pdfTeX, Version 3.14159265-2.6-1.40.19 (MiKTeX 2.9.6840 64-bit) (preloaded format=pdflatex 2018.11.10)  30 MAY 2019 16:16
entering extended mode
**C:/GitHub/PhysiCell/documentation/User_Guide.tex
(C:/GitHub/PhysiCell/documentation/User_Guide.tex
LaTeX2e <2018-04-01> patch level 5
("C:\Users\PaulT\AppData\Local\Programs\MiKTeX 2.9\tex\latex\base\article.cls"
Document Class: article 2014/09/29 v1.4h Standard LaTeX document class
("C:\Users\PaulT\AppData\Local\Programs\MiKTeX 2.9\tex\latex\base\size12.clo"
File: size12.clo 2014/09/29 v1.4h Standard LaTeX file (size option)
)
\c@part=\count80
\c@section=\count81
\c@subsection=\count82
\c@subsubsection=\count83
\c@paragraph=\count84
\c@subparagraph=\count85
\c@figure=\count86
\c@table=\count87
\abovecaptionskip=\skip41
\belowcaptionskip=\skip42
\bibindent=\dimen102
)
("C:\Users\PaulT\AppData\Local\Programs\MiKTeX 2.9\tex\latex\geometry\geometry.
sty"
Package: geometry 2018/04/16 v5.8 Page Geometry

("C:\Users\PaulT\AppData\Local\Programs\MiKTeX 2.9\tex\latex\graphics\keyval.st
y"
Package: keyval 2014/10/28 v1.15 key=value parser (DPC)
\KV@toks@=\toks14
)
("C:\Users\PaulT\AppData\Local\Programs\MiKTeX 2.9\tex\generic\oberdiek\ifpdf.s
ty"
Package: ifpdf 2018/09/07 v3.3 Provides the ifpdf switch
)
("C:\Users\PaulT\AppData\Local\Programs\MiKTeX 2.9\tex\generic\oberdiek\ifvtex.
sty"
Package: ifvtex 2016/05/16 v1.6 Detect VTeX and its facilities (HO)
Package ifvtex Info: VTeX not detected.
)
("C:\Users\PaulT\AppData\Local\Programs\MiKTeX 2.9\tex\generic\ifxetex\ifxetex.
sty"
Package: ifxetex 2010/09/12 v0.6 Provides ifxetex conditional
)
\Gm@cnth=\count88
\Gm@cntv=\count89
\c@Gm@tempcnt=\count90
\Gm@bindingoffset=\dimen103
\Gm@wd@mp=\dimen104
\Gm@odd@mp=\dimen105
\Gm@even@mp=\dimen106
\Gm@layoutwidth=\dimen107
\Gm@layoutheight=\dimen108
\Gm@layouthoffset=\dimen109
\Gm@layoutvoffset=\dimen110
\Gm@dimlist=\toks15

("C:\Users\PaulT\AppData\Local\Programs\MiKTeX 2.9\tex\latex\geometry\geometry.
cfg"))
("C:\Users\PaulT\AppData\Local\Programs\MiKTeX 2.9\tex\latex\amsmath\amsmath.st
y"
Package: amsmath 2017/09/02 v2.17a AMS math features
\@mathmargin=\skip43

For additional information on amsmath, use the `?' option.

("C:\Users\PaulT\AppData\Local\Programs\MiKTeX 2.9\tex\latex\amsmath\amstext.st
y"
Package: amstext 2000/06/29 v2.01 AMS text

("C:\Users\PaulT\AppData\Local\Programs\MiKTeX 2.9\tex\latex\amsmath\amsgen.sty
"
File: amsgen.sty 1999/11/30 v2.0 generic functions
\@emptytoks=\toks16
\ex@=\dimen111
))
("C:\Users\PaulT\AppData\Local\Programs\MiKTeX 2.9\tex\latex\amsmath\amsbsy.sty
"
Package: amsbsy 1999/11/29 v1.2d Bold Symbols
\pmbraise@=\dimen112
)
("C:\Users\PaulT\AppData\Local\Programs\MiKTeX 2.9\tex\latex\amsmath\amsopn.sty
"
Package: amsopn 2016/03/08 v2.02 operator names
)
\inf@bad=\count91
LaTeX Info: Redefining \frac on input line 213.
\uproot@=\count92
\leftroot@=\count93
LaTeX Info: Redefining \overline on input line 375.
\classnum@=\count94
\DOTSCASE@=\count95
LaTeX Info: Redefining \ldots on input line 472.
LaTeX Info: Redefining \dots on input line 475.
LaTeX Info: Redefining \cdots on input line 596.
\Mathstrutbox@=\box26
\strutbox@=\box27
\big@size=\dimen113
LaTeX Font Info:    Redeclaring font encoding OML on input line 712.
LaTeX Font Info:    Redeclaring font encoding OMS on input line 713.
\macc@depth=\count96
\c@MaxMatrixCols=\count97
\dotsspace@=\muskip10
\c@parentequation=\count98
\dspbrk@lvl=\count99
\tag@help=\toks17
\row@=\count100
\column@=\count101
\maxfields@=\count102
\andhelp@=\toks18
\eqnshift@=\dimen114
\alignsep@=\dimen115
\tagshift@=\dimen116
\tagwidth@=\dimen117
\totwidth@=\dimen118
\lineht@=\dimen119
\@envbody=\toks19
\multlinegap=\skip44
\multlinetaggap=\skip45
\mathdisplay@stack=\toks20
LaTeX Info: Redefining \[ on input line 2817.
LaTeX Info: Redefining \] on input line 2818.
)
("C:\Users\PaulT\AppData\Local\Programs\MiKTeX 2.9\tex\latex\amsfonts\amssymb.s
ty"
Package: amssymb 2013/01/14 v3.01 AMS font symbols

("C:\Users\PaulT\AppData\Local\Programs\MiKTeX 2.9\tex\latex\amsfonts\amsfonts.
sty"
Package: amsfonts 2013/01/14 v3.01 Basic AMSFonts support
\symAMSa=\mathgroup4
\symAMSb=\mathgroup5
LaTeX Font Info:    Overwriting math alphabet `\mathfrak' in version `bold'
(Font)                  U/euf/m/n --> U/euf/b/n on input line 106.
))
("C:\Users\PaulT\AppData\Local\Programs\MiKTeX 2.9\tex\latex\doublestroke\dsfon
t.sty"
Package: dsfont 1995/08/01 v0.1 Double stroke roman fonts
) ("C:\Users\PaulT\AppData\Local\Programs\MiKTeX 2.9\tex\latex\bbm\bbm.sty"
Package: bbm 1999/03/15 V 1.2 provides fonts for set symbols - TH
LaTeX Font Info:    Overwriting math alphabet `\mathbbm' in version `bold'
(Font)                  U/bbm/m/n --> U/bbm/bx/n on input line 33.
LaTeX Font Info:    Overwriting math alphabet `\mathbbmss' in version `bold'
(Font)                  U/bbmss/m/n --> U/bbmss/bx/n on input line 35.
)
("C:\Users\PaulT\AppData\Local\Programs\MiKTeX 2.9\tex\latex\stmaryrd\stmaryrd.
sty"
Package: stmaryrd 1994/03/03 St Mary's Road symbol package
\symstmry=\mathgroup6
LaTeX Font Info:    Overwriting symbol font `stmry' in version `bold'
(Font)                  U/stmry/m/n --> U/stmry/b/n on input line 89.
)
("C:\Users\PaulT\AppData\Local\Programs\MiKTeX 2.9\tex\latex\graphics\graphicx.
sty"
Package: graphicx 2017/06/01 v1.1a Enhanced LaTeX Graphics (DPC,SPQR)

("C:\Users\PaulT\AppData\Local\Programs\MiKTeX 2.9\tex\latex\graphics\graphics.
sty"
Package: graphics 2017/06/25 v1.2c Standard LaTeX Graphics (DPC,SPQR)

("C:\Users\PaulT\AppData\Local\Programs\MiKTeX 2.9\tex\latex\graphics\trig.sty"
Package: trig 2016/01/03 v1.10 sin cos tan (DPC)
)
("C:\Users\PaulT\AppData\Local\Programs\MiKTeX 2.9\tex\latex\graphics-cfg\graph
ics.cfg"
File: graphics.cfg 2016/06/04 v1.11 sample graphics configuration
)
Package graphics Info: Driver file: pdftex.def on input line 99.

("C:\Users\PaulT\AppData\Local\Programs\MiKTeX 2.9\tex\latex\graphics-def\pdfte
x.def"
File: pdftex.def 2018/01/08 v1.0l Graphics/color driver for pdftex
))
\Gin@req@height=\dimen120
\Gin@req@width=\dimen121
)
("C:\Users\PaulT\AppData\Local\Programs\MiKTeX 2.9\tex\latex\pbox\pbox.sty"
Package: pbox 2011/12/07 v1.2 Dynamic parboxes

("C:\Users\PaulT\AppData\Local\Programs\MiKTeX 2.9\tex\latex\tools\calc.sty"
Package: calc 2017/05/25 v4.3 Infix arithmetic (KKT,FJ)
\calc@Acount=\count103
\calc@Bcount=\count104
\calc@Adimen=\dimen122
\calc@Bdimen=\dimen123
\calc@Askip=\skip46
\calc@Bskip=\skip47
LaTeX Info: Redefining \setlength on input line 80.
LaTeX Info: Redefining \addtolength on input line 81.
\calc@Ccount=\count105
\calc@Cskip=\skip48
)
("C:\Users\PaulT\AppData\Local\Programs\MiKTeX 2.9\tex\latex\base\ifthen.sty"
Package: ifthen 2014/09/29 v1.1c Standard LaTeX ifthen package (DPC)
)
\pb@xlen=\skip49
)
("C:\Users\PaulT\AppData\Local\Programs\MiKTeX 2.9\tex\latex\hyperref\hyperref.
sty"
Package: hyperref 2018/09/30 v6.88a Hypertext links for LaTeX

("C:\Users\PaulT\AppData\Local\Programs\MiKTeX 2.9\tex\generic\oberdiek\hobsub-
hyperref.sty"
Package: hobsub-hyperref 2016/05/16 v1.14 Bundle oberdiek, subset hyperref (HO)


("C:\Users\PaulT\AppData\Local\Programs\MiKTeX 2.9\tex\generic\oberdiek\hobsub-
generic.sty"
Package: hobsub-generic 2016/05/16 v1.14 Bundle oberdiek, subset generic (HO)
Package: hobsub 2016/05/16 v1.14 Construct package bundles (HO)
Package: infwarerr 2016/05/16 v1.4 Providing info/warning/error messages (HO)
Package: ltxcmds 2016/05/16 v1.23 LaTeX kernel commands for general use (HO)
Package: ifluatex 2016/05/16 v1.4 Provides the ifluatex switch (HO)
Package ifluatex Info: LuaTeX not detected.
Package hobsub Info: Skipping package `ifvtex' (already loaded).
Package: intcalc 2016/05/16 v1.2 Expandable calculations with integers (HO)
Package hobsub Info: Skipping package `ifpdf' (already loaded).
Package: etexcmds 2016/05/16 v1.6 Avoid name clashes with e-TeX commands (HO)
Package etexcmds Info: Could not find \expanded.
(etexcmds)             That can mean that you are not using pdfTeX 1.50 or
(etexcmds)             that some package has redefined \expanded.
(etexcmds)             In the latter case, load this package earlier.
Package: kvsetkeys 2016/05/16 v1.17 Key value parser (HO)
Package: kvdefinekeys 2016/05/16 v1.4 Define keys (HO)
Package: pdftexcmds 2018/09/10 v0.29 Utility functions of pdfTeX for LuaTeX (HO
)
Package pdftexcmds Info: LuaTeX not detected.
Package pdftexcmds Info: \pdf@primitive is available.
Package pdftexcmds Info: \pdf@ifprimitive is available.
Package pdftexcmds Info: \pdfdraftmode found.
Package: pdfescape 2016/05/16 v1.14 Implements pdfTeX's escape features (HO)
Package: bigintcalc 2016/05/16 v1.4 Expandable calculations on big integers (HO
)
Package: bitset 2016/05/16 v1.2 Handle bit-vector datatype (HO)
Package: uniquecounter 2016/05/16 v1.3 Provide unlimited unique counter (HO)
)
Package hobsub Info: Skipping package `hobsub' (already loaded).
Package: letltxmacro 2016/05/16 v1.5 Let assignment for LaTeX macros (HO)
Package: hopatch 2016/05/16 v1.3 Wrapper for package hooks (HO)
Package: xcolor-patch 2016/05/16 xcolor patch
Package: atveryend 2016/05/16 v1.9 Hooks at the very end of document (HO)
Package atveryend Info: \enddocument detected (standard20110627).
Package: atbegshi 2016/06/09 v1.18 At begin shipout hook (HO)
Package: refcount 2016/05/16 v3.5 Data extraction from label references (HO)
Package: hycolor 2016/05/16 v1.8 Color options for hyperref/bookmark (HO)
)
("C:\Users\PaulT\AppData\Local\Programs\MiKTeX 2.9\tex\latex\oberdiek\auxhook.s
ty"
Package: auxhook 2016/05/16 v1.4 Hooks for auxiliary files (HO)
)
("C:\Users\PaulT\AppData\Local\Programs\MiKTeX 2.9\tex\latex\oberdiek\kvoptions
.sty"
Package: kvoptions 2016/05/16 v3.12 Key value format for package options (HO)
)
\@linkdim=\dimen124
\Hy@linkcounter=\count106
\Hy@pagecounter=\count107

("C:\Users\PaulT\AppData\Local\Programs\MiKTeX 2.9\tex\latex\hyperref\pd1enc.de
f"
File: pd1enc.def 2018/09/30 v6.88a Hyperref: PDFDocEncoding definition (HO)
Now handling font encoding PD1 ...
... no UTF-8 mapping file for font encoding PD1
)
\Hy@SavedSpaceFactor=\count108

("C:\Users\PaulT\AppData\Local\Programs\MiKTeX 2.9\tex\latex\00miktex\hyperref.
cfg"
File: hyperref.cfg 2002/06/06 v1.2 hyperref configuration of TeXLive
)
Package hyperref Info: Hyper figures OFF on input line 4535.
Package hyperref Info: Link nesting OFF on input line 4540.
Package hyperref Info: Hyper index ON on input line 4543.
Package hyperref Info: Plain pages OFF on input line 4550.
Package hyperref Info: Backreferencing OFF on input line 4555.
Package hyperref Info: Implicit mode ON; LaTeX internals redefined.
Package hyperref Info: Bookmarks ON on input line 4788.
\c@Hy@tempcnt=\count109
 ("C:\Users\PaulT\AppData\Local\Programs\MiKTeX 2.9\tex\latex\url\url.sty"
\Urlmuskip=\muskip11
Package: url 2013/09/16  ver 3.4  Verb mode for urls, etc.
)
LaTeX Info: Redefining \url on input line 5141.
\XeTeXLinkMargin=\dimen125
\Fld@menulength=\count110
\Field@Width=\dimen126
\Fld@charsize=\dimen127
Package hyperref Info: Hyper figures OFF on input line 6396.
Package hyperref Info: Link nesting OFF on input line 6401.
Package hyperref Info: Hyper index ON on input line 6404.
Package hyperref Info: backreferencing OFF on input line 6411.
Package hyperref Info: Link coloring OFF on input line 6416.
Package hyperref Info: Link coloring with OCG OFF on input line 6421.
Package hyperref Info: PDF/A mode OFF on input line 6426.
LaTeX Info: Redefining \ref on input line 6466.
LaTeX Info: Redefining \pageref on input line 6470.
\Hy@abspage=\count111
\c@Item=\count112
\c@Hfootnote=\count113
)
Package hyperref Info: Driver (autodetected): hpdftex.

("C:\Users\PaulT\AppData\Local\Programs\MiKTeX 2.9\tex\latex\hyperref\hpdftex.d
ef"
File: hpdftex.def 2018/09/30 v6.88a Hyperref driver for pdfTeX
\Fld@listcount=\count114
\c@bookmark@seq@number=\count115

("C:\Users\PaulT\AppData\Local\Programs\MiKTeX 2.9\tex\latex\oberdiek\rerunfile
check.sty"
Package: rerunfilecheck 2016/05/16 v1.8 Rerun checks for auxiliary files (HO)
Package uniquecounter Info: New unique counter `rerunfilecheck' on input line 2
82.
)
\Hy@SectionHShift=\skip50
)
("C:\Users\PaulT\AppData\Local\Programs\MiKTeX 2.9\tex\latex\changepage\changep
age.sty"
Package: changepage 2009/10/20 v1.0c check page and change page layout
\c@cp@cntr=\count116
\cp@tempcnt=\count117
)
("C:\Users\PaulT\AppData\Local\Programs\MiKTeX 2.9\tex\latex\graphics\color.sty
"
Package: color 2016/07/10 v1.1e Standard LaTeX Color (DPC)

("C:\Users\PaulT\AppData\Local\Programs\MiKTeX 2.9\tex\latex\graphics-cfg\color
.cfg"
File: color.cfg 2016/01/02 v1.6 sample color configuration
)
Package color Info: Driver file: pdftex.def on input line 147.

("C:\Users\PaulT\AppData\Local\Programs\MiKTeX 2.9\tex\latex\graphics\dvipsnam.
def"
File: dvipsnam.def 2016/06/17 v3.0m Driver-dependent file (DPC,SPQR)
))
("C:\Users\PaulT\AppData\Local\Programs\MiKTeX 2.9\tex\latex\caption\caption.st
y"
Package: caption 2018/10/06 v3.3-154 Customizing captions (AR)

("C:\Users\PaulT\AppData\Local\Programs\MiKTeX 2.9\tex\latex\caption\caption3.s
ty"
Package: caption3 2018/09/12 v1.8c caption3 kernel (AR)
Package caption3 Info: TeX engine: e-TeX on input line 64.
\captionmargin=\dimen128
\captionmargin@=\dimen129
\captionwidth=\dimen130
\caption@tempdima=\dimen131
\caption@indent=\dimen132
\caption@parindent=\dimen133
\caption@hangindent=\dimen134
)
\c@caption@flags=\count118
\c@ContinuedFloat=\count119
Package caption Info: hyperref package is loaded.
)
("C:\Users\PaulT\AppData\Local\Programs\MiKTeX 2.9\tex\latex\pgf\frontendlayer\
tikz.sty"
("C:\Users\PaulT\AppData\Local\Programs\MiKTeX 2.9\tex\latex\pgf\basiclayer\pgf
.sty"
("C:\Users\PaulT\AppData\Local\Programs\MiKTeX 2.9\tex\latex\pgf\utilities\pgfr
cs.sty"
("C:\Users\PaulT\AppData\Local\Programs\MiKTeX 2.9\tex\generic\pgf\utilities\pg
futil-common.tex"
\pgfutil@everybye=\toks21
\pgfutil@tempdima=\dimen135
\pgfutil@tempdimb=\dimen136

("C:\Users\PaulT\AppData\Local\Programs\MiKTeX 2.9\tex\generic\pgf\utilities\pg
futil-common-lists.tex"))
("C:\Users\PaulT\AppData\Local\Programs\MiKTeX 2.9\tex\generic\pgf\utilities\pg
futil-latex.def"
\pgfutil@abb=\box28

("C:\Users\PaulT\AppData\Local\Programs\MiKTeX 2.9\tex\latex\ms\everyshi.sty"
Package: everyshi 2001/05/15 v3.00 EveryShipout Package (MS)
))
("C:\Users\PaulT\AppData\Local\Programs\MiKTeX 2.9\tex\generic\pgf\utilities\pg
frcs.code.tex"
Package: pgfrcs 2015/08/07 v3.0.1a (rcs-revision 1.31)
))
Package: pgf 2015/08/07 v3.0.1a (rcs-revision 1.15)

("C:\Users\PaulT\AppData\Local\Programs\MiKTeX 2.9\tex\latex\pgf\basiclayer\pgf
core.sty"
("C:\Users\PaulT\AppData\Local\Programs\MiKTeX 2.9\tex\latex\pgf\systemlayer\pg
fsys.sty"
("C:\Users\PaulT\AppData\Local\Programs\MiKTeX 2.9\tex\generic\pgf\systemlayer\
pgfsys.code.tex"
Package: pgfsys 2014/07/09 v3.0.1a (rcs-revision 1.48)

("C:\Users\PaulT\AppData\Local\Programs\MiKTeX 2.9\tex\generic\pgf\utilities\pg
fkeys.code.tex"
\pgfkeys@pathtoks=\toks22
\pgfkeys@temptoks=\toks23

("C:\Users\PaulT\AppData\Local\Programs\MiKTeX 2.9\tex\generic\pgf\utilities\pg
fkeysfiltered.code.tex"
\pgfkeys@tmptoks=\toks24
))
\pgf@x=\dimen137
\pgf@y=\dimen138
\pgf@xa=\dimen139
\pgf@ya=\dimen140
\pgf@xb=\dimen141
\pgf@yb=\dimen142
\pgf@xc=\dimen143
\pgf@yc=\dimen144
\w@pgf@writea=\write3
\r@pgf@reada=\read1
\c@pgf@counta=\count120
\c@pgf@countb=\count121
\c@pgf@countc=\count122
\c@pgf@countd=\count123
\t@pgf@toka=\toks25
\t@pgf@tokb=\toks26
\t@pgf@tokc=\toks27

("C:\Users\PaulT\AppData\Local\Programs\MiKTeX 2.9\tex\generic\pgf\systemlayer\
pgf.cfg"
File: pgf.cfg 2008/05/14  (rcs-revision 1.7)
)
Driver file for pgf: pgfsys-pdftex.def

("C:\Users\PaulT\AppData\Local\Programs\MiKTeX 2.9\tex\generic\pgf\systemlayer\
pgfsys-pdftex.def"
File: pgfsys-pdftex.def 2014/10/11  (rcs-revision 1.35)

("C:\Users\PaulT\AppData\Local\Programs\MiKTeX 2.9\tex\generic\pgf\systemlayer\
pgfsys-common-pdf.def"
File: pgfsys-common-pdf.def 2013/10/10  (rcs-revision 1.13)
)))
("C:\Users\PaulT\AppData\Local\Programs\MiKTeX 2.9\tex\generic\pgf\systemlayer\
pgfsyssoftpath.code.tex"
File: pgfsyssoftpath.code.tex 2013/09/09  (rcs-revision 1.9)
\pgfsyssoftpath@smallbuffer@items=\count124
\pgfsyssoftpath@bigbuffer@items=\count125
)
("C:\Users\PaulT\AppData\Local\Programs\MiKTeX 2.9\tex\generic\pgf\systemlayer\
pgfsysprotocol.code.tex"
File: pgfsysprotocol.code.tex 2006/10/16  (rcs-revision 1.4)
))
("C:\Users\PaulT\AppData\Local\Programs\MiKTeX 2.9\tex\latex\xcolor\xcolor.sty"
Package: xcolor 2016/05/11 v2.12 LaTeX color extensions (UK)

("C:\Users\PaulT\AppData\Local\Programs\MiKTeX 2.9\tex\latex\graphics-cfg\color
.cfg"
File: color.cfg 2016/01/02 v1.6 sample color configuration
)
Package xcolor Info: Driver file: pdftex.def on input line 225.
LaTeX Info: Redefining \color on input line 709.
Package xcolor Info: Model `cmy' substituted by `cmy0' on input line 1348.
Package xcolor Info: Model `hsb' substituted by `rgb' on input line 1352.
Package xcolor Info: Model `RGB' extended on input line 1364.
Package xcolor Info: Model `HTML' substituted by `rgb' on input line 1366.
Package xcolor Info: Model `Hsb' substituted by `hsb' on input line 1367.
Package xcolor Info: Model `tHsb' substituted by `hsb' on input line 1368.
Package xcolor Info: Model `HSB' substituted by `hsb' on input line 1369.
Package xcolor Info: Model `Gray' substituted by `gray' on input line 1370.
Package xcolor Info: Model `wave' substituted by `hsb' on input line 1371.
)
("C:\Users\PaulT\AppData\Local\Programs\MiKTeX 2.9\tex\generic\pgf\basiclayer\p
gfcore.code.tex"
Package: pgfcore 2010/04/11 v3.0.1a (rcs-revision 1.7)

("C:\Users\PaulT\AppData\Local\Programs\MiKTeX 2.9\tex\generic\pgf\math\pgfmath
.code.tex"
("C:\Users\PaulT\AppData\Local\Programs\MiKTeX 2.9\tex\generic\pgf\math\pgfmath
calc.code.tex"
("C:\Users\PaulT\AppData\Local\Programs\MiKTeX 2.9\tex\generic\pgf\math\pgfmath
util.code.tex")
("C:\Users\PaulT\AppData\Local\Programs\MiKTeX 2.9\tex\generic\pgf\math\pgfmath
parser.code.tex"
\pgfmath@dimen=\dimen145
\pgfmath@count=\count126
\pgfmath@box=\box29
\pgfmath@toks=\toks28
\pgfmath@stack@operand=\toks29
\pgfmath@stack@operation=\toks30
)
("C:\Users\PaulT\AppData\Local\Programs\MiKTeX 2.9\tex\generic\pgf\math\pgfmath
functions.code.tex"
("C:\Users\PaulT\AppData\Local\Programs\MiKTeX 2.9\tex\generic\pgf\math\pgfmath
functions.basic.code.tex")
("C:\Users\PaulT\AppData\Local\Programs\MiKTeX 2.9\tex\generic\pgf\math\pgfmath
functions.trigonometric.code.tex")
("C:\Users\PaulT\AppData\Local\Programs\MiKTeX 2.9\tex\generic\pgf\math\pgfmath
functions.random.code.tex")
("C:\Users\PaulT\AppData\Local\Programs\MiKTeX 2.9\tex\generic\pgf\math\pgfmath
functions.comparison.code.tex")
("C:\Users\PaulT\AppData\Local\Programs\MiKTeX 2.9\tex\generic\pgf\math\pgfmath
functions.base.code.tex")
("C:\Users\PaulT\AppData\Local\Programs\MiKTeX 2.9\tex\generic\pgf\math\pgfmath
functions.round.code.tex")
("C:\Users\PaulT\AppData\Local\Programs\MiKTeX 2.9\tex\generic\pgf\math\pgfmath
functions.misc.code.tex")
("C:\Users\PaulT\AppData\Local\Programs\MiKTeX 2.9\tex\generic\pgf\math\pgfmath
functions.integerarithmetics.code.tex")))
("C:\Users\PaulT\AppData\Local\Programs\MiKTeX 2.9\tex\generic\pgf\math\pgfmath
float.code.tex"
\c@pgfmathroundto@lastzeros=\count127
))
("C:\Users\PaulT\AppData\Local\Programs\MiKTeX 2.9\tex\generic\pgf\basiclayer\p
gfcorepoints.code.tex"
File: pgfcorepoints.code.tex 2013/10/07  (rcs-revision 1.27)
\pgf@picminx=\dimen146
\pgf@picmaxx=\dimen147
\pgf@picminy=\dimen148
\pgf@picmaxy=\dimen149
\pgf@pathminx=\dimen150
\pgf@pathmaxx=\dimen151
\pgf@pathminy=\dimen152
\pgf@pathmaxy=\dimen153
\pgf@xx=\dimen154
\pgf@xy=\dimen155
\pgf@yx=\dimen156
\pgf@yy=\dimen157
\pgf@zx=\dimen158
\pgf@zy=\dimen159
)
("C:\Users\PaulT\AppData\Local\Programs\MiKTeX 2.9\tex\generic\pgf\basiclayer\p
gfcorepathconstruct.code.tex"
File: pgfcorepathconstruct.code.tex 2013/10/07  (rcs-revision 1.29)
\pgf@path@lastx=\dimen160
\pgf@path@lasty=\dimen161
)
("C:\Users\PaulT\AppData\Local\Programs\MiKTeX 2.9\tex\generic\pgf\basiclayer\p
gfcorepathusage.code.tex"
File: pgfcorepathusage.code.tex 2014/11/02  (rcs-revision 1.24)
\pgf@shorten@end@additional=\dimen162
\pgf@shorten@start@additional=\dimen163
)
("C:\Users\PaulT\AppData\Local\Programs\MiKTeX 2.9\tex\generic\pgf\basiclayer\p
gfcorescopes.code.tex"
File: pgfcorescopes.code.tex 2015/05/08  (rcs-revision 1.46)
\pgfpic=\box30
\pgf@hbox=\box31
\pgf@layerbox@main=\box32
\pgf@picture@serial@count=\count128
)
("C:\Users\PaulT\AppData\Local\Programs\MiKTeX 2.9\tex\generic\pgf\basiclayer\p
gfcoregraphicstate.code.tex"
File: pgfcoregraphicstate.code.tex 2014/11/02  (rcs-revision 1.12)
\pgflinewidth=\dimen164
)
("C:\Users\PaulT\AppData\Local\Programs\MiKTeX 2.9\tex\generic\pgf\basiclayer\p
gfcoretransformations.code.tex"
File: pgfcoretransformations.code.tex 2015/08/07  (rcs-revision 1.20)
\pgf@pt@x=\dimen165
\pgf@pt@y=\dimen166
\pgf@pt@temp=\dimen167
)
("C:\Users\PaulT\AppData\Local\Programs\MiKTeX 2.9\tex\generic\pgf\basiclayer\p
gfcorequick.code.tex"
File: pgfcorequick.code.tex 2008/10/09  (rcs-revision 1.3)
)
("C:\Users\PaulT\AppData\Local\Programs\MiKTeX 2.9\tex\generic\pgf\basiclayer\p
gfcoreobjects.code.tex"
File: pgfcoreobjects.code.tex 2006/10/11  (rcs-revision 1.2)
)
("C:\Users\PaulT\AppData\Local\Programs\MiKTeX 2.9\tex\generic\pgf\basiclayer\p
gfcorepathprocessing.code.tex"
File: pgfcorepathprocessing.code.tex 2013/09/09  (rcs-revision 1.9)
)
("C:\Users\PaulT\AppData\Local\Programs\MiKTeX 2.9\tex\generic\pgf\basiclayer\p
gfcorearrows.code.tex"
File: pgfcorearrows.code.tex 2015/05/14  (rcs-revision 1.43)
\pgfarrowsep=\dimen168
)
("C:\Users\PaulT\AppData\Local\Programs\MiKTeX 2.9\tex\generic\pgf\basiclayer\p
gfcoreshade.code.tex"
File: pgfcoreshade.code.tex 2013/07/15  (rcs-revision 1.15)
\pgf@max=\dimen169
\pgf@sys@shading@range@num=\count129
)
("C:\Users\PaulT\AppData\Local\Programs\MiKTeX 2.9\tex\generic\pgf\basiclayer\p
gfcoreimage.code.tex"
File: pgfcoreimage.code.tex 2013/07/15  (rcs-revision 1.18)

("C:\Users\PaulT\AppData\Local\Programs\MiKTeX 2.9\tex\generic\pgf\basiclayer\p
gfcoreexternal.code.tex"
File: pgfcoreexternal.code.tex 2014/07/09  (rcs-revision 1.21)
\pgfexternal@startupbox=\box33
))
("C:\Users\PaulT\AppData\Local\Programs\MiKTeX 2.9\tex\generic\pgf\basiclayer\p
gfcorelayers.code.tex"
File: pgfcorelayers.code.tex 2013/07/18  (rcs-revision 1.7)
)
("C:\Users\PaulT\AppData\Local\Programs\MiKTeX 2.9\tex\generic\pgf\basiclayer\p
gfcoretransparency.code.tex"
File: pgfcoretransparency.code.tex 2013/09/30  (rcs-revision 1.5)
)
("C:\Users\PaulT\AppData\Local\Programs\MiKTeX 2.9\tex\generic\pgf\basiclayer\p
gfcorepatterns.code.tex"
File: pgfcorepatterns.code.tex 2013/11/07  (rcs-revision 1.5)
)))
("C:\Users\PaulT\AppData\Local\Programs\MiKTeX 2.9\tex\generic\pgf\modules\pgfm
oduleshapes.code.tex"
File: pgfmoduleshapes.code.tex 2014/03/21  (rcs-revision 1.35)
\pgfnodeparttextbox=\box34
)
("C:\Users\PaulT\AppData\Local\Programs\MiKTeX 2.9\tex\generic\pgf\modules\pgfm
oduleplot.code.tex"
File: pgfmoduleplot.code.tex 2015/08/03  (rcs-revision 1.13)
)
("C:\Users\PaulT\AppData\Local\Programs\MiKTeX 2.9\tex\latex\pgf\compatibility\
pgfcomp-version-0-65.sty"
Package: pgfcomp-version-0-65 2007/07/03 v3.0.1a (rcs-revision 1.7)
\pgf@nodesepstart=\dimen170
\pgf@nodesepend=\dimen171
)
("C:\Users\PaulT\AppData\Local\Programs\MiKTeX 2.9\tex\latex\pgf\compatibility\
pgfcomp-version-1-18.sty"
Package: pgfcomp-version-1-18 2007/07/23 v3.0.1a (rcs-revision 1.1)
))
("C:\Users\PaulT\AppData\Local\Programs\MiKTeX 2.9\tex\latex\pgf\utilities\pgff
or.sty"
("C:\Users\PaulT\AppData\Local\Programs\MiKTeX 2.9\tex\latex\pgf\utilities\pgfk
eys.sty"
("C:\Users\PaulT\AppData\Local\Programs\MiKTeX 2.9\tex\generic\pgf\utilities\pg
fkeys.code.tex"))
("C:\Users\PaulT\AppData\Local\Programs\MiKTeX 2.9\tex\latex\pgf\math\pgfmath.s
ty"
("C:\Users\PaulT\AppData\Local\Programs\MiKTeX 2.9\tex\generic\pgf\math\pgfmath
.code.tex"))
("C:\Users\PaulT\AppData\Local\Programs\MiKTeX 2.9\tex\generic\pgf\utilities\pg
ffor.code.tex"
Package: pgffor 2013/12/13 v3.0.1a (rcs-revision 1.25)

("C:\Users\PaulT\AppData\Local\Programs\MiKTeX 2.9\tex\generic\pgf\math\pgfmath
.code.tex")
\pgffor@iter=\dimen172
\pgffor@skip=\dimen173
\pgffor@stack=\toks31
\pgffor@toks=\toks32
))
("C:\Users\PaulT\AppData\Local\Programs\MiKTeX 2.9\tex\generic\pgf\frontendlaye
r\tikz\tikz.code.tex"
Package: tikz 2015/08/07 v3.0.1a (rcs-revision 1.151)

("C:\Users\PaulT\AppData\Local\Programs\MiKTeX 2.9\tex\generic\pgf\libraries\pg
flibraryplothandlers.code.tex"
File: pgflibraryplothandlers.code.tex 2013/08/31 v3.0.1a (rcs-revision 1.20)
\pgf@plot@mark@count=\count130
\pgfplotmarksize=\dimen174
)
\tikz@lastx=\dimen175
\tikz@lasty=\dimen176
\tikz@lastxsaved=\dimen177
\tikz@lastysaved=\dimen178
\tikzleveldistance=\dimen179
\tikzsiblingdistance=\dimen180
\tikz@figbox=\box35
\tikz@figbox@bg=\box36
\tikz@tempbox=\box37
\tikz@tempbox@bg=\box38
\tikztreelevel=\count131
\tikznumberofchildren=\count132
\tikznumberofcurrentchild=\count133
\tikz@fig@count=\count134

("C:\Users\PaulT\AppData\Local\Programs\MiKTeX 2.9\tex\generic\pgf\modules\pgfm
odulematrix.code.tex"
File: pgfmodulematrix.code.tex 2013/09/17  (rcs-revision 1.8)
\pgfmatrixcurrentrow=\count135
\pgfmatrixcurrentcolumn=\count136
\pgf@matrix@numberofcolumns=\count137
)
\tikz@expandcount=\count138

("C:\Users\PaulT\AppData\Local\Programs\MiKTeX 2.9\tex\generic\pgf\frontendlaye
r\tikz\libraries\tikzlibrarytopaths.code.tex"
File: tikzlibrarytopaths.code.tex 2008/06/17 v3.0.1a (rcs-revision 1.2)
)))
("C:\Users\PaulT\AppData\Local\Programs\MiKTeX 2.9\tex\generic\pgf\frontendlaye
r\tikz\libraries\tikzlibraryarrows.code.tex"
File: tikzlibraryarrows.code.tex 2008/01/09 v3.0.1a (rcs-revision 1.1)

("C:\Users\PaulT\AppData\Local\Programs\MiKTeX 2.9\tex\generic\pgf\libraries\pg
flibraryarrows.code.tex"
File: pgflibraryarrows.code.tex 2013/09/23 v3.0.1a (rcs-revision 1.16)
\arrowsize=\dimen181
))
("C:\Users\PaulT\AppData\Local\Programs\MiKTeX 2.9\tex\generic\pgf\frontendlaye
r\tikz\libraries\tikzlibraryautomata.code.tex"
File: tikzlibraryautomata.code.tex 2008/07/14 v3.0.1a (rcs-revision 1.3)

("C:\Users\PaulT\AppData\Local\Programs\MiKTeX 2.9\tex\generic\pgf\frontendlaye
r\tikz\libraries\tikzlibraryshapes.multipart.code.tex"
File: tikzlibraryshapes.multipart.code.tex 2008/01/09 v3.0.1a (rcs-revision 1.1
)

("C:\Users\PaulT\AppData\Local\Programs\MiKTeX 2.9\tex\generic\pgf\libraries\sh
apes\pgflibraryshapes.multipart.code.tex"
File: pgflibraryshapes.multipart.code.tex 2010/01/07 v3.0.1a (rcs-revision 1.2)

\pgfnodepartlowerbox=\box39
\pgfnodeparttwobox=\box40
\pgfnodepartthreebox=\box41
\pgfnodepartfourbox=\box42
\pgfnodeparttwentybox=\box43
\pgfnodepartnineteenbox=\box44
\pgfnodeparteighteenbox=\box45
\pgfnodepartseventeenbox=\box46
\pgfnodepartsixteenbox=\box47
\pgfnodepartfifteenbox=\box48
\pgfnodepartfourteenbox=\box49
\pgfnodepartthirteenbox=\box50
\pgfnodeparttwelvebox=\box51
\pgfnodepartelevenbox=\box52
\pgfnodeparttenbox=\box53
\pgfnodepartninebox=\box54
\pgfnodeparteightbox=\box55
\pgfnodepartsevenbox=\box56
\pgfnodepartsixbox=\box57
\pgfnodepartfivebox=\box58
)))
("C:\Users\PaulT\AppData\Local\Programs\MiKTeX 2.9\tex\generic\pgf\libraries\pg
flibraryarrows.meta.code.tex"
File: pgflibraryarrows.meta.code.tex 2015/05/13 v3.0.1a (rcs-revision 1.13)
\pgfarrowinset=\dimen182
\pgfarrowlength=\dimen183
\pgfarrowwidth=\dimen184
\pgfarrowlinewidth=\dimen185
)
("C:\Users\PaulT\AppData\Local\Programs\MiKTeX 2.9\tex\latex\mdframed\mdframed.
sty"
Package: mdframed 2013/07/01 1.9b: mdframed

("C:\Users\PaulT\AppData\Local\Programs\MiKTeX 2.9\tex\latex\l3packages\xparse\
xparse.sty"
("C:\Users\PaulT\AppData\Local\Programs\MiKTeX 2.9\tex\latex\l3kernel\expl3.sty
"
Package: expl3 2018-10-31 L3 programming layer (loader) 

("C:\Users\PaulT\AppData\Local\Programs\MiKTeX 2.9\tex\latex\l3kernel\expl3-cod
e.tex"
Package: expl3 2018-10-31 L3 programming layer (code)
\c_max_int=\count139
\l_tmpa_int=\count140
\l_tmpb_int=\count141
\g_tmpa_int=\count142
\g_tmpb_int=\count143
\g__kernel_prg_map_int=\count144
\c_log_iow=\count145
\l_iow_line_count_int=\count146
\l__iow_line_target_int=\count147
\l__iow_one_indent_int=\count148
\l__iow_indent_int=\count149
\c_zero_dim=\dimen186
\c_max_dim=\dimen187
\l_tmpa_dim=\dimen188
\l_tmpb_dim=\dimen189
\g_tmpa_dim=\dimen190
\g_tmpb_dim=\dimen191
\c_zero_skip=\skip51
\c_max_skip=\skip52
\l_tmpa_skip=\skip53
\l_tmpb_skip=\skip54
\g_tmpa_skip=\skip55
\g_tmpb_skip=\skip56
\c_zero_muskip=\muskip12
\c_max_muskip=\muskip13
\l_tmpa_muskip=\muskip14
\l_tmpb_muskip=\muskip15
\g_tmpa_muskip=\muskip16
\g_tmpb_muskip=\muskip17
\l_keys_choice_int=\count150
\l__intarray_loop_int=\count151
\c__intarray_sp_dim=\dimen192
\g__intarray_font_int=\count152
\c__fp_leading_shift_int=\count153
\c__fp_middle_shift_int=\count154
\c__fp_trailing_shift_int=\count155
\c__fp_big_leading_shift_int=\count156
\c__fp_big_middle_shift_int=\count157
\c__fp_big_trailing_shift_int=\count158
\c__fp_Bigg_leading_shift_int=\count159
\c__fp_Bigg_middle_shift_int=\count160
\c__fp_Bigg_trailing_shift_int=\count161
\c__kernel_randint_max_int=\count162
\g__fp_array_int=\count163
\l__fp_array_loop_int=\count164
\l__sort_length_int=\count165
\l__sort_min_int=\count166
\l__sort_top_int=\count167
\l__sort_max_int=\count168
\l__sort_true_max_int=\count169
\l__sort_block_int=\count170
\l__sort_begin_int=\count171
\l__sort_end_int=\count172
\l__sort_A_int=\count173
\l__sort_B_int=\count174
\l__sort_C_int=\count175
\l__tl_analysis_normal_int=\count176
\l__tl_analysis_index_int=\count177
\l__tl_analysis_nesting_int=\count178
\l__tl_analysis_type_int=\count179
\l__regex_internal_a_int=\count180
\l__regex_internal_b_int=\count181
\l__regex_internal_c_int=\count182
\l__regex_balance_int=\count183
\l__regex_group_level_int=\count184
\l__regex_mode_int=\count185
\c__regex_cs_in_class_mode_int=\count186
\c__regex_cs_mode_int=\count187
\l__regex_catcodes_int=\count188
\l__regex_default_catcodes_int=\count189
\c__regex_catcode_D_int=\count190
\c__regex_catcode_S_int=\count191
\c__regex_catcode_L_int=\count192
\c__regex_catcode_O_int=\count193
\c__regex_catcode_A_int=\count194
\c__regex_all_catcodes_int=\count195
\l__regex_show_lines_int=\count196
\l__regex_min_state_int=\count197
\l__regex_max_state_int=\count198
\l__regex_left_state_int=\count199
\l__regex_right_state_int=\count266
\l__regex_capturing_group_int=\count267
\l__regex_min_pos_int=\count268
\l__regex_max_pos_int=\count269
\l__regex_curr_pos_int=\count270
\l__regex_start_pos_int=\count271
\l__regex_success_pos_int=\count272
\l__regex_curr_char_int=\count273
\l__regex_curr_catcode_int=\count274
\l__regex_last_char_int=\count275
\l__regex_case_changed_char_int=\count276
\l__regex_curr_state_int=\count277
\l__regex_step_int=\count278
\l__regex_min_active_int=\count279
\l__regex_max_active_int=\count280
\l__regex_replacement_csnames_int=\count281
\l__regex_match_count_int=\count282
\l__regex_min_submatch_int=\count283
\l__regex_submatch_int=\count284
\l__regex_zeroth_submatch_int=\count285
\g__regex_trace_regex_int=\count286
\c_empty_box=\box59
\l_tmpa_box=\box60
\l_tmpb_box=\box61
\g_tmpa_box=\box62
\g_tmpb_box=\box63
\l__box_top_dim=\dimen193
\l__box_bottom_dim=\dimen194
\l__box_left_dim=\dimen195
\l__box_right_dim=\dimen196
\l__box_top_new_dim=\dimen197
\l__box_bottom_new_dim=\dimen198
\l__box_left_new_dim=\dimen199
\l__box_right_new_dim=\dimen256
\l__box_internal_box=\box64
\l__coffin_internal_box=\box65
\l__coffin_internal_dim=\dimen257
\l__coffin_offset_x_dim=\dimen258
\l__coffin_offset_y_dim=\dimen259
\l__coffin_x_dim=\dimen260
\l__coffin_y_dim=\dimen261
\l__coffin_x_prime_dim=\dimen262
\l__coffin_y_prime_dim=\dimen263
\c_empty_coffin=\box66
\l__coffin_aligned_coffin=\box67
\l__coffin_aligned_internal_coffin=\box68
\l_tmpa_coffin=\box69
\l_tmpb_coffin=\box70
\l__coffin_display_coffin=\box71
\l__coffin_display_coord_coffin=\box72
\l__coffin_display_pole_coffin=\box73
\l__coffin_display_offset_dim=\dimen264
\l__coffin_display_x_dim=\dimen265
\l__coffin_display_y_dim=\dimen266
\g__file_internal_ior=\read2
\l__coffin_bounding_shift_dim=\dimen267
\l__coffin_left_corner_dim=\dimen268
\l__coffin_right_corner_dim=\dimen269
\l__coffin_bottom_corner_dim=\dimen270
\l__coffin_top_corner_dim=\dimen271
\l__coffin_scaled_total_height_dim=\dimen272
\l__coffin_scaled_width_dim=\dimen273
\l__seq_internal_a_int=\count287
\l__seq_internal_b_int=\count288
)
("C:\Users\PaulT\AppData\Local\Programs\MiKTeX 2.9\tex\latex\l3kernel\l3pdfmode
.def"
File: l3pdfmode.def 2018-10-31 v L3 Experimental driver: PDF mode
\l__driver_color_stack_int=\count289
))
Package: xparse 2018-10-17 L3 Experimental document command parser
\l__xparse_current_arg_int=\count290
\g__xparse_grabber_int=\count291
\l__xparse_m_args_int=\count292
\l__xparse_mandatory_args_int=\count293
\l__xparse_v_nesting_int=\count294
)
("C:\Users\PaulT\AppData\Local\Programs\MiKTeX 2.9\tex\latex\etoolbox\etoolbox.
sty"
Package: etoolbox 2018/08/19 v2.5f e-TeX tools for LaTeX (JAW)
\etb@tempcnta=\count295
)
("C:\Users\PaulT\AppData\Local\Programs\MiKTeX 2.9\tex\latex\oberdiek\zref-absp
age.sty"
Package: zref-abspage 2016/05/21 v2.26 Module abspage for zref (HO)

("C:\Users\PaulT\AppData\Local\Programs\MiKTeX 2.9\tex\latex\oberdiek\zref-base
.sty"
Package: zref-base 2016/05/21 v2.26 Module base for zref (HO)
Package zref Info: New property list: main on input line 759.
Package zref Info: New property: default on input line 760.
Package zref Info: New property: page on input line 761.
)
\c@abspage=\count296
Package zref Info: New property: abspage on input line 62.
)
("C:\Users\PaulT\AppData\Local\Programs\MiKTeX 2.9\tex\latex\needspace\needspac
e.sty"
Package: needspace 2010/09/12 v1.3d reserve vertical space
)
\mdf@templength=\skip57
\c@mdf@globalstyle@cnt=\count297
\mdf@skipabove@length=\skip58
\mdf@skipbelow@length=\skip59
\mdf@leftmargin@length=\skip60
\mdf@rightmargin@length=\skip61
\mdf@innerleftmargin@length=\skip62
\mdf@innerrightmargin@length=\skip63
\mdf@innertopmargin@length=\skip64
\mdf@innerbottommargin@length=\skip65
\mdf@splittopskip@length=\skip66
\mdf@splitbottomskip@length=\skip67
\mdf@outermargin@length=\skip68
\mdf@innermargin@length=\skip69
\mdf@linewidth@length=\skip70
\mdf@innerlinewidth@length=\skip71
\mdf@middlelinewidth@length=\skip72
\mdf@outerlinewidth@length=\skip73
\mdf@roundcorner@length=\skip74
\mdf@footenotedistance@length=\skip75
\mdf@userdefinedwidth@length=\skip76
\mdf@needspace@length=\skip77
\mdf@frametitleaboveskip@length=\skip78
\mdf@frametitlebelowskip@length=\skip79
\mdf@frametitlerulewidth@length=\skip80
\mdf@frametitleleftmargin@length=\skip81
\mdf@frametitlerightmargin@length=\skip82
\mdf@shadowsize@length=\skip83
\mdf@extratopheight@length=\skip84
\mdf@subtitleabovelinewidth@length=\skip85
\mdf@subtitlebelowlinewidth@length=\skip86
\mdf@subtitleaboveskip@length=\skip87
\mdf@subtitlebelowskip@length=\skip88
\mdf@subtitleinneraboveskip@length=\skip89
\mdf@subtitleinnerbelowskip@length=\skip90
\mdf@subsubtitleabovelinewidth@length=\skip91
\mdf@subsubtitlebelowlinewidth@length=\skip92
\mdf@subsubtitleaboveskip@length=\skip93
\mdf@subsubtitlebelowskip@length=\skip94
\mdf@subsubtitleinneraboveskip@length=\skip95
\mdf@subsubtitleinnerbelowskip@length=\skip96

("C:\Users\PaulT\AppData\Local\Programs\MiKTeX 2.9\tex\latex\mdframed\md-frame-
0.mdf"
File: md-frame-0.mdf 2013/07/01\ 1.9b: md-frame-0
)
\mdf@frametitlebox=\box74
\mdf@footnotebox=\box75
\mdf@splitbox@one=\box76
\mdf@splitbox@two=\box77
\mdf@splitbox@save=\box78
\mdfsplitboxwidth=\skip97
\mdfsplitboxtotalwidth=\skip98
\mdfsplitboxheight=\skip99
\mdfsplitboxdepth=\skip100
\mdfsplitboxtotalheight=\skip101
\mdfframetitleboxwidth=\skip102
\mdfframetitleboxtotalwidth=\skip103
\mdfframetitleboxheight=\skip104
\mdfframetitleboxdepth=\skip105
\mdfframetitleboxtotalheight=\skip106
\mdffootnoteboxwidth=\skip107
\mdffootnoteboxtotalwidth=\skip108
\mdffootnoteboxheight=\skip109
\mdffootnoteboxdepth=\skip110
\mdffootnoteboxtotalheight=\skip111
\mdftotallinewidth=\skip112
\mdfboundingboxwidth=\skip113
\mdfboundingboxtotalwidth=\skip114
\mdfboundingboxheight=\skip115
\mdfboundingboxdepth=\skip116
\mdfboundingboxtotalheight=\skip117
\mdf@freevspace@length=\skip118
\mdf@horizontalwidthofbox@length=\skip119
\mdf@verticalmarginwhole@length=\skip120
\mdf@horizontalspaceofbox=\skip121
\mdfsubtitleheight=\skip122
\mdfsubsubtitleheight=\skip123
\c@mdfcountframes=\count298

****** mdframed patching \endmdf@trivlist

****** -- success******

\mdf@envdepth=\count299
\c@mdf@env@i=\count300
\c@mdf@env@ii=\count301
\c@mdf@zref@counter=\count302
Package zref Info: New property: mdf@pagevalue on input line 895.
)
("C:\Users\PaulT\AppData\Local\Programs\MiKTeX 2.9\tex\latex\bold-extra\bold-ex
tra.sty"
Package: bold-extra 2001/11/13 v0.1 Use fonts from cm/mf-extra/bold
)
Package hyperref Info: Option `colorlinks' set `true' on input line 47.

("C:\Users\PaulT\AppData\Local\Programs\MiKTeX 2.9\tex\latex\natbib\natbib.sty"
Package: natbib 2010/09/13 8.31b (PWD, AO)
\bibhang=\skip124
\bibsep=\skip125
LaTeX Info: Redefining \cite on input line 694.
\c@NAT@ctr=\count303
)
("C:\Users\PaulT\AppData\Local\Programs\MiKTeX 2.9\tex\latex\tocbibind\tocbibin
d.sty"
Package: tocbibind 2010/10/13 v1.5k extra ToC listings
Package tocbibind Info: The document has section divisions on input line 50.


Package tocbibind Note: Using section or other style headings.

) (C:/GitHub/PhysiCell/documentation\User_Guide.aux)
\openout1 = `User_Guide.aux'.

LaTeX Font Info:    Checking defaults for OML/cmm/m/it on input line 97.
LaTeX Font Info:    ... okay on input line 97.
LaTeX Font Info:    Checking defaults for T1/cmr/m/n on input line 97.
LaTeX Font Info:    ... okay on input line 97.
LaTeX Font Info:    Checking defaults for OT1/cmr/m/n on input line 97.
LaTeX Font Info:    ... okay on input line 97.
LaTeX Font Info:    Checking defaults for OMS/cmsy/m/n on input line 97.
LaTeX Font Info:    ... okay on input line 97.
LaTeX Font Info:    Checking defaults for OMX/cmex/m/n on input line 97.
LaTeX Font Info:    ... okay on input line 97.
LaTeX Font Info:    Checking defaults for U/cmr/m/n on input line 97.
LaTeX Font Info:    ... okay on input line 97.
LaTeX Font Info:    Checking defaults for PD1/pdf/m/n on input line 97.
LaTeX Font Info:    ... okay on input line 97.

*geometry* driver: auto-detecting
*geometry* detected driver: pdftex
*geometry* verbose mode - [ preamble ] result:
* driver: pdftex
* paper: letterpaper
* layout: <same size as paper>
* layoutoffset:(h,v)=(0.0pt,0.0pt)
* modes: 
* h-part:(L,W,R)=(36.135pt, 542.02501pt, 36.135pt)
* v-part:(T,H,B)=(36.135pt, 704.63249pt, 54.2025pt)
* \paperwidth=614.295pt
* \paperheight=794.96999pt
* \textwidth=542.02501pt
* \textheight=704.63249pt
* \oddsidemargin=-36.135pt
* \evensidemargin=-36.135pt
* \topmargin=-73.135pt
* \headheight=12.0pt
* \headsep=25.0pt
* \topskip=12.0pt
* \footskip=30.0pt
* \marginparwidth=44.0pt
* \marginparsep=10.0pt
* \columnsep=10.0pt
* \skip\footins=10.8pt plus 4.0pt minus 2.0pt
* \hoffset=0.0pt
* \voffset=0.0pt
* \mag=1000
* \@twocolumnfalse
* \@twosidefalse
* \@mparswitchfalse
* \@reversemarginfalse
* (1in=72.27pt=25.4mm, 1cm=28.453pt)


("C:\Users\PaulT\AppData\Local\Programs\MiKTeX 2.9\tex\context\base\supp-pdf.mk
ii"
[Loading MPS to PDF converter (version 2006.09.02).]
\scratchcounter=\count304
\scratchdimen=\dimen274
\scratchbox=\box79
\nofMPsegments=\count305
\nofMParguments=\count306
\everyMPshowfont=\toks33
\MPscratchCnt=\count307
\MPscratchDim=\dimen275
\MPnumerator=\count308
\makeMPintoPDFobject=\count309
\everyMPtoPDFconversion=\toks34
)
("C:\Users\PaulT\AppData\Local\Programs\MiKTeX 2.9\tex\latex\oberdiek\epstopdf-
base.sty"
Package: epstopdf-base 2016/05/15 v2.6 Base part for package epstopdf

("C:\Users\PaulT\AppData\Local\Programs\MiKTeX 2.9\tex\latex\oberdiek\grfext.st
y"
Package: grfext 2016/05/16 v1.2 Manage graphics extensions (HO)
)
Package epstopdf-base Info: Redefining graphics rule for `.eps' on input line 4
38.
Package grfext Info: Graphics extension search list:
(grfext)             [.pdf,.png,.jpg,.mps,.jpeg,.jbig2,.jb2,.PDF,.PNG,.JPG,.JPE
G,.JBIG2,.JB2,.eps]
(grfext)             \AppendGraphicsExtensions on input line 456.
)
\AtBeginShipoutBox=\box80
Package hyperref Info: Link coloring ON on input line 97.

("C:\Users\PaulT\AppData\Local\Programs\MiKTeX 2.9\tex\latex\hyperref\nameref.s
ty"
Package: nameref 2016/05/21 v2.44 Cross-referencing by name of section

("C:\Users\PaulT\AppData\Local\Programs\MiKTeX 2.9\tex\generic\oberdiek\gettitl
estring.sty"
Package: gettitlestring 2016/05/16 v1.5 Cleanup title references (HO)
)
\c@section@level=\count310
)
LaTeX Info: Redefining \ref on input line 97.
LaTeX Info: Redefining \pageref on input line 97.
LaTeX Info: Redefining \nameref on input line 97.
 (C:/GitHub/PhysiCell/documentation\User_Guide.out)
(C:/GitHub/PhysiCell/documentation\User_Guide.out)
\@outlinefile=\write4
\openout4 = `User_Guide.out'.

Package caption Info: Begin \AtBeginDocument code.
Package caption Info: End \AtBeginDocument code.

ABD: EveryShipout initializing macros
LaTeX Font Info:    Try loading font information for U+msa on input line 105.

("C:\Users\PaulT\AppData\Local\Programs\MiKTeX 2.9\tex\latex\amsfonts\umsa.fd"
File: umsa.fd 2013/01/14 v3.01 AMS symbols A
)
LaTeX Font Info:    Try loading font information for U+msb on input line 105.
("C:\Users\PaulT\AppData\Local\Programs\MiKTeX 2.9\tex\latex\amsfonts\umsb.fd"
File: umsb.fd 2013/01/14 v3.01 AMS symbols B
)
LaTeX Font Info:    Try loading font information for U+stmry on input line 105.

("C:\Users\PaulT\AppData\Local\Programs\MiKTeX 2.9\tex\latex\stmaryrd\ustmry.fd
") (C:/GitHub/PhysiCell/documentation\User_Guide.toc [1

{C:/Users/PaulT/AppData/Local/MiKTeX/2.9/pdftex/config/pdftex.map}] [2] [3])
\tf@toc=\write5
\openout5 = `User_Guide.toc'.



Package natbib Warning: Citation `ref:PhysiCell' on page 4 undefined on input l
ine 112.


Package natbib Warning: Citation `ref:PhysiCell' on page 4 undefined on input l
ine 116.


Underfull \hbox (badness 10000) in paragraph at lines 132--132

 []


Underfull \hbox (badness 10000) in paragraph at lines 132--132

 []


Underfull \hbox (badness 10000) in paragraph at lines 132--132

 []


Underfull \hbox (badness 10000) in paragraph at lines 132--132

 []


Underfull \hbox (badness 10000) in paragraph at lines 132--132

 []


Underfull \hbox (badness 10000) in paragraph at lines 112--133

 []


Underfull \hbox (badness 10000) in paragraph at lines 112--133

 []

[4] [5]
Overfull \hbox (4.0464pt too wide) in paragraph at lines 210--212
[][][]\OT1/cmtt/m/n/12 your_compiler_name []\OT1/cmr/m/n/12 will be some-thing 
like [][]\OT1/cmtt/m/n/12 g++-7 []\OT1/cmr/m/n/12 for Home-brew in-stal-la-tion
s, and some-thing like [][]\OT1/cmtt/m/n/12 g++-mp-7
 []

[6] [7] [8]
LaTeX Font Info:    Try loading font information for OMS+cmr on input line 426.


("C:\Users\PaulT\AppData\Local\Programs\MiKTeX 2.9\tex\latex\base\omscmr.fd"
File: omscmr.fd 2014/09/29 v2.5h Standard LaTeX font definitions
)
LaTeX Font Info:    Font shape `OMS/cmr/m/n' in size <12> not available
(Font)              Font shape `OMS/cmsy/m/n' tried instead on input line 426.

Overfull \hbox (7.19962pt too wide) in paragraph at lines 441--446
[] \OT1/cmtt/m/n/12 vcodec=mpeg4:vbitrate=10000:mbd=2:trell -mf fps=24:type=jpg
 -nosound -o out.avi 
 []


Package natbib Warning: Citation `ref:BioFVM' on page 9 undefined on input line
 452.

[9]
LaTeX Font Info:    Font shape `OT1/cmtt/bx/n' in size <12> not available
(Font)              Font shape `OT1/cmtt/b/n' tried instead on input line 457.


Package natbib Warning: Citation `ref:BioFVM' on page 10 undefined on input lin
e 457.


Package natbib Warning: Citation `ref:pugixml' on page 10 undefined on input li
ne 459.


Package natbib Warning: Citation `ref:MultiCellDS' on page 10 undefined on inpu
t line 474.


Package natbib Warning: Citation `ref:BioFVM' on page 10 undefined on input lin
e 492.


Package natbib Warning: Citation `ref:pugixml' on page 10 undefined on input li
ne 492.


Package natbib Warning: Citation `ref:povray' on page 10 undefined on input lin
e 497.


Package natbib Warning: Citation `ref:PhysiCell' on page 10 undefined on input 
line 500.

[10]
Underfull \hbox (badness 1824) in paragraph at lines 538--544
\OT1/cmr/m/n/12 just as this ex-am-ple. (For ex-am-ple, you might de-fine your 
own an-gio-gen-e-sis func-tions in 
 []

[11] [12] [13]

Package natbib Warning: Citation `ref:BioFVM' on page 14 undefined on input lin
e 690.


Package natbib Warning: Citation `ref:BioFVM' on page 14 undefined on input lin
e 720.

[14] [15]
Overfull \hbox (16.78726pt too wide) in paragraph at lines 834--836
[]\OT1/cmtt/b/n/12 void Microenvironment::add[]density( std::string name , std:
:string units ) \OT1/cmr/m/n/12 Use this
 []


Overfull \hbox (13.5046pt too wide) in paragraph at lines 838--841
[]\OT1/cmtt/b/n/12 void Microenvironment::add[]density( std::string name , std:
:string units, double
 []


Overfull \hbox (0.30452pt too wide) in paragraph at lines 846--848
[]\OT1/cmtt/b/n/12 void Microenvironment::set[]density( int index , std::string
 name , std::string
 []

[16]
Overfull \hbox (0.30452pt too wide) in paragraph at lines 851--853
[]\OT1/cmtt/b/n/12 void Microenvironment::set[]density( int index , std::string
 name , std::string
 []

[17] [18]
Overfull \hbox (9.80061pt too wide) in paragraph at lines 1034--1036
[]\OT1/cmtt/b/n/12 std::vector<double>& nearest[]density[]vector( std::vector<d
ouble>& position ) \OT1/cmr/m/n/12 This func-
 []


Overfull \hbox (5.99251pt too wide) in paragraph at lines 1047--1049
[]\OT1/cmtt/b/n/12 std::vector<gradient>& gradient[]vector(std::vector<double>&
 position ) \OT1/cmr/m/n/12 This func-tion ac-
 []

[19]
Overfull \hbox (11.58601pt too wide) in paragraph at lines 1133--1136
[]\OT1/cmtt/b/n/12 void Microenvironment::set[]substrate[]dirichlet[]activation
( int substrate[]index , bool
 []

[20]
Overfull \hbox (27.4757pt too wide) in paragraph at lines 1160--1166
\OT1/cmr/m/n/12 As of Physi-Cell Ver-sion 1.5.0, users can use [][]\OT1/cmtt/m/
n/12 default_microenvironment_options.initial_condition_vector
 []

[21]

Package natbib Warning: Citation `ref:BioFVM' on page 22 undefined on input lin
e 1242.


LaTeX Font Warning: Font shape `U/stmry/b/n' undefined
(Font)              using `U/stmry/m/n' instead on input line 1246.

[22]
! Argument of \frac  has an extra }.
<inserted text> 
                \par 
l.1260 ...\vec{c}_2) \grvec{\rho}_k + \vec{c}_1} }
                                                  { \vec{c}_2 } \right),
? R
OK, entering \nonstopmode...
Runaway argument?
! Paragraph ended before \frac  was complete.
<to be read again> 
                   \par 
l.1260 ...\vec{c}_2) \grvec{\rho}_k + \vec{c}_1} }
                                                  { \vec{c}_2 } \right),
I suspect you've forgotten a `}', causing me to apply this
control sequence to too much text. How can we recover?
My plan is to forget the whole thing and hope for the best.

! Missing $ inserted.
<inserted text> 
                $
l.1260 ...\vec{c}_2) \grvec{\rho}_k + \vec{c}_1} }
                                                  { \vec{c}_2 } \right),
I've inserted a begin-math/end-math symbol since I think
you left one out. Proceed, with fingers crossed.

! Missing \right. inserted.
<inserted text> 
                \right .
l.1260 ...\vec{c}_2) \grvec{\rho}_k + \vec{c}_1} }
                                                  { \vec{c}_2 } \right),
I've inserted something that you may have forgotten.
(See the <inserted text> above.)
With luck, this will get me unwedged. But if you
really didn't forget anything, try typing `2' now; then
my insertion and my current dilemma will both disappear.

! Display math should end with $$.
<to be read again> 
                   \par 
l.1260 ...\vec{c}_2) \grvec{\rho}_k + \vec{c}_1} }
                                                  { \vec{c}_2 } \right),
The `$' that I just saw supposedly matches a previous `$$'.
So I shall assume that you typed `$$' both times.

! Extra }, or forgotten \endgroup.
<recently read> }
                 
l.1260 ...\vec{c}_2) \grvec{\rho}_k + \vec{c}_1} }
                                                  { \vec{c}_2 } \right),
I've deleted a group-closing symbol because it seems to be
spurious, as in `$x}$'. But perhaps the } is legitimate and
you forgot something else, as in `\hbox{$x}'. In such cases
the way to recover is to insert both the forgotten and the
deleted material, e.g., by typing `I$}'.


! LaTeX Error: \mathbf allowed only in math mode.

See the LaTeX manual or LaTeX Companion for explanation.
Type  H <return>  for immediate help.
 ...                                              
                                                  
l.1260 ...) \grvec{\rho}_k + \vec{c}_1} }{ \vec{c}
                                                  _2 } \right),
You're in trouble here.  Try typing  <return>  to proceed.
If that doesn't work, type  X <return>  to quit.

! Missing $ inserted.
<inserted text> 
                $
l.1260 ... \grvec{\rho}_k + \vec{c}_1} }{ \vec{c}_
                                                  2 } \right),
I've inserted a begin-math/end-math symbol since I think
you left one out. Proceed, with fingers crossed.

! Extra }, or forgotten $.
l.1260 ...rvec{\rho}_k + \vec{c}_1} }{ \vec{c}_2 }
                                                   \right),
I've deleted a group-closing symbol because it seems to be
spurious, as in `$x}$'. But perhaps the } is legitimate and
you forgot something else, as in `\hbox{$x}'. In such cases
the way to recover is to insert both the forgotten and the
deleted material, e.g., by typing `I$}'.

! Extra \right.
l.1260 ...o}_k + \vec{c}_1} }{ \vec{c}_2 } \right)
                                                  ,
I'm ignoring a \right that had no matching \left.

! You can't use `\eqno' in math mode.
\endmathdisplay@a ...\df@tag \@empty \else \veqno 
                                                  \alt@tag \df@tag \fi \ifx ...
l.1261 \eeq
           
Sorry, but I'm not programmed to handle this case;
I'll just pretend that you didn't ask for it.
If you're in the wrong mode, you might be able to
return to the right one by typing `I}' or `I$' or `I\par'.

! Missing $ inserted.
<inserted text> 
                $
l.1261 \eeq
           
I've inserted something that you may have forgotten.
(See the <inserted text> above.)
With luck, this will get me unwedged. But if you
really didn't forget anything, try typing `2' now; then
my insertion and my current dilemma will both disappear.

! Missing } inserted.
<inserted text> 
                }
l.1261 \eeq
           
I've inserted something that you may have forgotten.
(See the <inserted text> above.)
With luck, this will get me unwedged. But if you
really didn't forget anything, try typing `2' now; then
my insertion and my current dilemma will both disappear.

[23] [24] [25] [26] [27]
LaTeX Font Info:    Font shape `OT1/cmtt/bx/it' in size <12> not available
(Font)              Font shape `OT1/cmtt/m/it' tried instead on input line 1682
.

Overfull \hbox (4.36784pt too wide) in paragraph at lines 1678--1685
[]\OT1/cmtt/b/n/12 std::vector<Cell*>& cells[]in[]my[]container( void ) \OT1/cm
r/m/n/12 re-turns (by ref-er-ence) a vec-tor of point-
 []

[28] [29] [30]
Overfull \hbox (11.61339pt too wide) in paragraph at lines 1886--1889
[]\OT1/cmtt/b/n/12 int add[]variable( std::string name , std::string units , do
uble value ) \OT1/cmr/m/n/12 adds a new
 []

[31] [32] [33] [34] [35] [36]

Package natbib Warning: Citation `ref:PhysiCell' on page 37 undefined on input 
line 2233.


Overfull \hbox (8.96611pt too wide) in paragraph at lines 2229--2234
[]\OT1/cmtt/b/n/12 void (*volume[]update[]function)( Cell* pCell, Phenotype& ph
enotype, double dt ) \OT1/cmr/m/n/12 is
 []


Overfull \hbox (0.76418pt too wide) in paragraph at lines 2243--2246
[]\OT1/cmtt/b/n/12 void (*custom[]cell[]rule)( Cell* pCell, Phenotype& phenotyp
e, double dt ) \OT1/cmr/m/n/12 is a cus-
 []


Package natbib Warning: Citation `ref:PhysiCell' on page 37 undefined on input 
line 2252.


Overfull \hbox (3.85246pt too wide) in paragraph at lines 2248--2253
[]\OT1/cmtt/b/n/12 void (*update[]phenotype)( Cell* pCell, Phenotype& phenotype
, double dt ) \OT1/cmr/m/n/12 is where
 []


Package natbib Warning: Citation `ref:PhysiCell' on page 37 undefined on input 
line 2257.


Overfull \hbox (12.26616pt too wide) in paragraph at lines 2255--2258
[]\OT1/cmtt/b/n/12 void (*update[]velocity)( Cell* pCell, Phenotype& phenotype,
 double dt ) \OT1/cmr/m/n/12 is a pointer
 []

[37]

Package natbib Warning: Citation `macklin12_jtb' on page 38 undefined on input 
line 2327.


Package natbib Warning: Citation `ref:PhysiCell' on page 38 undefined on input 
line 2327.


Package natbib Warning: Citation `hyun13_jtb' on page 38 undefined on input lin
e 2339.

[38] [39] [40] [41] [42]
Overfull \hbox (7.29126pt too wide) in paragraph at lines 2644--2649
\OT1/cmr/m/n/12 vari-able only makes sense if there is a sin-gle, unique phase 
tran-si-tion start-ing from [][]\OT1/cmtt/m/n/12 start_phase_index[]\OT1/cmr/m/
n/12 . 
 []


Overfull \hbox (4.61464pt too wide) in paragraph at lines 2651--2657
[]\OT1/cmtt/b/n/12 void (*arrest[]function)(Cell* pCell, Phenotype& phenotype, 
double dt) \OT1/cmr/m/n/12 is a func-tion
 []

[43]
Overfull \hbox (1.58614pt too wide) in paragraph at lines 2722--2725
[]\OT1/cmtt/b/n/12 std::vector< std::vector<Phase[]Link> > phase[]links \OT1/cm
r/m/n/12 is a vec-tor of vec-tors of [][]\OT1/cmtt/m/n/12 Phase_Link[]\OT1/cmr/
m/n/12 s.
 []

[44]
Overfull \hbox (15.84782pt too wide) in paragraph at lines 2792--2799
\OT1/cmr/m/n/12 adds a new [][]\OT1/cmtt/m/n/12 Phase_Link []\OT1/cmr/m/n/12 to
 [][]\OT1/cmtt/m/n/12 phase_links[start_index] []\OT1/cmr/m/n/12 join-ing phase
 [][]\OT1/cmtt/m/n/12 start_index []\OT1/cmr/m/n/12 to phase [][]\OT1/cmtt/m/n/
12 end_index[]\OT1/cmr/m/n/12 ,
 []


Overfull \hbox (18.1999pt too wide) in paragraph at lines 2792--2799
\OT1/cmr/m/n/12 ([][]\OT1/cmtt/m/n/12 new_index[]\OT1/cmr/m/n/12 ) so that the 
phase link can be di-rectly ac-cessed as [][]\OT1/cmtt/m/n/12 phase_links[start
_index][new_index][]\OT1/cmr/m/n/12 . 
 []


Overfull \hbox (15.84782pt too wide) in paragraph at lines 2802--2809
\OT1/cmr/m/n/12 adds a new [][]\OT1/cmtt/m/n/12 Phase_Link []\OT1/cmr/m/n/12 to
 [][]\OT1/cmtt/m/n/12 phase_links[start_index] []\OT1/cmr/m/n/12 join-ing phase
 [][]\OT1/cmtt/m/n/12 start_index []\OT1/cmr/m/n/12 to phase [][]\OT1/cmtt/m/n/
12 end_index[]\OT1/cmr/m/n/12 ,
 []


Overfull \hbox (18.1999pt too wide) in paragraph at lines 2802--2809
\OT1/cmr/m/n/12 ([][]\OT1/cmtt/m/n/12 new_index[]\OT1/cmr/m/n/12 ) so that the 
phase link can be di-rectly ac-cessed as [][]\OT1/cmtt/m/n/12 phase_links[start
_index][new_index][]\OT1/cmr/m/n/12 . 
 []

[45]
Overfull \hbox (1.65265pt too wide) in paragraph at lines 2811--2814
[]\OT1/cmtt/b/n/12 int find[]phase[]index( int code ) \OT1/cmr/m/n/12 finds the
 in-dex [][]\OT1/cmtt/m/n/12 i []\OT1/cmr/m/n/12 such that [][]\OT1/cmtt/m/n/12
 phases[i].code = code[]\OT1/cmr/m/n/12 . Please
 []


Overfull \hbox (17.45378pt too wide) in paragraph at lines 2816--2819
[]\OT1/cmtt/b/n/12 int find[]phase[]index( std::string name ) \OT1/cmr/m/n/12 f
inds the in-dex [][]\OT1/cmtt/m/n/12 i []\OT1/cmr/m/n/12 such that [][]\OT1/cmt
t/m/n/12 phases[i].name = name[]\OT1/cmr/m/n/12 .
 []


Overfull \hbox (3.34544pt too wide) in paragraph at lines 2826--2829
[]\OT1/cmtt/b/n/12 Phase[]Link& phase[]link(int start[]index , int end[]index) 
\OT1/cmr/m/n/12 is a user-friendly in-ter-face func-
 []


Package natbib Warning: Citation `ref:PhysiCell' on page 46 undefined on input 
line 2834.


Overfull \hbox (7.00874pt too wide) in paragraph at lines 2831--2837
[]\OT1/cmtt/b/n/12 void advance[]model( Cell* pCell, Phenotype& phenotype, doub
le dt ) \OT1/cmr/m/n/12 ad-vances the the
 []

[46] [47] [48] [49]

Package natbib Warning: Citation `ref:PhysiCell' on page 50 undefined on input 
line 3183.

[50] [51] [52] [53] [54] [55]

Package natbib Warning: Citation `ref:PhysiCell' on page 56 undefined on input 
line 3679.


Package natbib Warning: Citation `ref:PhysiCell' on page 56 undefined on input 
line 3685.


Package natbib Warning: Citation `ref:PhysiCell' on page 56 undefined on input 
line 3691.


Package natbib Warning: Citation `ref:PhysiCell' on page 56 undefined on input 
line 3697.

[56]
Overfull \hbox (7.96053pt too wide) in paragraph at lines 3762--3773
[]\OT1/cmtt/b/n/12 void set[]absolute[]equilibrium[]distance( Phenotype& phenot
ype, double new[]value )
 []

[57] [58]
Underfull \hbox (badness 10000) in paragraph at lines 3848--3851
[][][]\OT1/cmtt/m/n/12 is_motile = false[]\OT1/cmr/m/n/12 , 
 []


Package natbib Warning: Citation `ref:BioFVM' on page 59 undefined on input lin
e 3908.


Package natbib Warning: Citation `ref:BioFVM' on page 59 undefined on input lin
e 3921.

[59]
Overfull \hbox (1.526pt too wide) in paragraph at lines 3961--3964
[]\OT1/cmtt/b/n/12 void sync[]to[]current[]microenvironment(void) \OT1/cmr/m/n/
12 re-sizes [][]\OT1/cmtt/m/n/12 secretion_rates[]\OT1/cmr/m/n/12 , [][]\OT1/cm
tt/m/n/12 uptake_rates[]\OT1/cmr/m/n/12 , and
 []

[60] [61]
Overfull \hbox (1.37526pt too wide) in paragraph at lines 4062--4062
[]\OT1/cmtt/m/n/12 Cell_Container* create_cell_container_for_microenvironment( 
BioFVM::Microenvironment& m,[] 
 []


Package natbib Warning: Citation `ref:pugixml' on page 62 undefined on input li
ne 4085.


Overfull \hbox (13.98372pt too wide) in paragraph at lines 4096--4098
[]\OT1/cmtt/b/n/12 pugi::xml[]node xml[]find[]node(pugi::xml[]node& parent[]nod
e , std::string find[]me) \OT1/cmr/m/n/12 re-
 []


Overfull \hbox (24.06459pt too wide) in paragraph at lines 4106--4107
[]\OT1/cmtt/b/n/12 std::string xml[]get[]string[]value(pugi::xml[]node& parent[
]node , std::string find[]me)
 []

[62]
Overfull \hbox (7.38368pt too wide) in paragraph at lines 4115--4117
[]\OT1/cmtt/b/n/12 double xml[]get[]double[]value(pugi::xml[]node& parent[]node
 , std::string find[]me) \OT1/cmr/m/n/12 re-
 []


Overfull \hbox (10.49583pt too wide) in paragraph at lines 4125--4127
[]\OT1/cmtt/b/n/12 double xml[]get[]int[]value(pugi::xml[]node& parent[]node , 
std::string find[]me) \OT1/cmr/m/n/12 re-turns
 []


Overfull \hbox (17.09587pt too wide) in paragraph at lines 4135--4137
[]\OT1/cmtt/b/n/12 double xml[]get[]bool[]value(pugi::xml[]node& parent[]node ,
 std::string find[]me) \OT1/cmr/m/n/12 re-turns
 []


Overfull \hbox (3.2691pt too wide) in paragraph at lines 4150--4151
[]\OT1/cmtt/b/n/12 bool xml[]get[]my[]bool[]value( pugi::xml[]node node ) \OT1/
cmr/m/n/12 gets the Boolean value of an XML node.
 []


Overfull \hbox (2.52754pt too wide) in paragraph at lines 4158--4159
[]\OT1/cmtt/b/n/12 int xml[]get[]my[]double[]value( pugi::xml[]node node ) \OT1
/cmr/m/n/12 gets the dou-ble value of an XML node.
 []

[63] [64]

Package natbib Warning: Citation `ref:MultiCellDS' on page 65 undefined on inpu
t line 4267.

[65] [66] [67]
Overfull \hbox (33.17865pt too wide) in paragraph at lines 4426--4432
[]\OT1/cmr/m/n/12 PhysiCell reads into a global data struc-ture called [][]\OT1
/cmtt/m/n/12 parameters[]\OT1/cmr/m/n/12 . All Boolean pa-ram-e-ters are in [][
]\OT1/cmtt/m/n/12 parameters.bools[]\OT1/cmr/m/n/12 .
 []


Overfull \hbox (31.36246pt too wide) in paragraph at lines 4426--4432
\OT1/cmr/m/n/12 All in-te-ger pa-ram-e-ters are stored in [][]\OT1/cmtt/m/n/12 
parameters.ints[]\OT1/cmr/m/n/12 . All dou-ble pa-ram-e-ters are stored in [][]
\OT1/cmtt/m/n/12 parameters.doubles[]\OT1/cmr/m/n/12 .
 []

[68] [69] [70] [71]
Overfull \hbox (5.743pt too wide) in paragraph at lines 4681--4687
[]\OT1/cmtt/b/n/12 std::string stroke[]color , std::string fill[]color ) \OT1/c
mr/m/n/12 places a rect-an-gle with upper-
 []

[72]
Overfull \hbox (0.24117pt too wide) in paragraph at lines 4708--4712
[]\OT1/cmtt/b/n/12 double thickness, std::string stroke[]color ) \OT1/cmr/m/n/1
2 draws a line with color [][]\OT1/cmtt/m/n/12 stroke_color
 []

[73]

Package natbib Warning: Citation `ref:lambert_beer' on page 74 undefined on inp
ut line 4781.

[74]

Package natbib Warning: Citation `ref:H_and_E' on page 75 undefined on input li
ne 4868.


Package natbib Warning: Citation `ref:H_and_E' on page 75 undefined on input li
ne 4882.


Overfull \hbox (11.62236pt too wide) in paragraph at lines 4875--4885
\OT1/cmr/m/n/12 main-ing un-stained. The re-sult of this sim-u-lated trans-mis-
sion is then fed back through the [][]\OT1/cmtt/m/n/12 transmission
 []


Package natbib Warning: Citation `ref:H_and_E' on page 75 undefined on input li
ne 4896.

[75]

Package natbib Warning: Citation `ref:H_and_E' on page 76 undefined on input li
ne 4980.

[76]

Package natbib Warning: Citation `ref:MultiCellDS' on page 77 undefined on inpu
t line 5028.


Package natbib Warning: Citation `ref:MultiCellDS' on page 77 undefined on inpu
t line 5031.

[77]
Underfull \hbox (badness 10000) in paragraph at lines 5038--5039

 []


Overfull \hbox (37.80624pt too wide) in paragraph at lines 5040--5042
[]\OT1/cmr/m/n/12 Here, the [][]\OT1/cmtt/m/n/12 filebase []\OT1/cmr/m/n/12 de-
ter-mines how all the snap-shot sub-files will be named: [][]\OT1/cmtt/m/n/12 f
ilebase.xml[]\OT1/cmr/m/n/12 , [][]\OT1/cmtt/m/n/12 filebase_cells.mat[]\OT1/cm
r/m/n/12 ,
 []

[78] [79]
Underfull \hbox (badness 10000) in paragraph at lines 5197--5203

 []

[80] [81]
Overfull \hbox (16.09695pt too wide) in paragraph at lines 5305--5308
[]\OT1/cmtt/b/n/12 microenvironment, mechanics[]voxel[]size );\OT1/cmr/m/n/12 .
 Note that [][]\OT1/cmtt/m/n/12 microenvironment
 []

[82]

Package natbib Warning: Citation `ref:MultiCellDS' on page 83 undefined on inpu
t line 5387.

[83]

Package natbib Warning: Citation `ref:PhysiCell' on page 84 undefined on input 
line 5404.


Package natbib Warning: Citation `ref:PhysiCell' on page 84 undefined on input 
line 5422.


Overfull \hbox (7.55026pt too wide) in paragraph at lines 5457--5457
[]    \OT1/cmtt/m/n/12 std::cout << pC->ID << ": " << pC->phenotype.cycle.curre
nt_phase().name << std::endl;[] 
 []

[84] [85] [86] [87] [88] [89]

Package natbib Warning: Citation `ref:PhysiCell' on page 90 undefined on input 
line 5730.


Package hyperref Warning: Token not allowed in a PDF string (PDFDocEncoding):
(hyperref)                removing `\\' on input line 5738.


Package natbib Warning: Citation `ref:PhysiCell' on page 90 undefined on input 
line 5758.

Package mdframed Info: mdframed inside float 
 mdframed uses option nobreak mdframed on input line 5782.
Package mdframed Info: mdframed inside a box 
 mdframed uses option nobreak mdframed on input line 5782.

Package hyperref Warning: Token not allowed in a PDF string (PDFDocEncoding):
(hyperref)                removing `\\' on input line 5788.

[90]

Package natbib Warning: Citation `ref:PhysiCell' on page 91 undefined on input 
line 5811.

Package mdframed Info: mdframed inside float 
 mdframed uses option nobreak mdframed on input line 5837.
Package mdframed Info: mdframed inside a box 
 mdframed uses option nobreak mdframed on input line 5837.

Package hyperref Warning: Token not allowed in a PDF string (PDFDocEncoding):
(hyperref)                removing `\\' on input line 5843.

[91]

Package natbib Warning: Citation `ref:PhysiCell' on page 92 undefined on input 
line 5873.

Package mdframed Info: mdframed inside float 
 mdframed uses option nobreak mdframed on input line 5900.
Package mdframed Info: mdframed inside a box 
 mdframed uses option nobreak mdframed on input line 5900.

Package hyperref Warning: Token not allowed in a PDF string (PDFDocEncoding):
(hyperref)                removing `\\' on input line 5906.

[92]

Package natbib Warning: Citation `ref:PhysiCell' on page 93 undefined on input 
line 5936.

Package mdframed Info: mdframed inside float 
 mdframed uses option nobreak mdframed on input line 5963.
Package mdframed Info: mdframed inside a box 
 mdframed uses option nobreak mdframed on input line 5963.

Package hyperref Warning: Token not allowed in a PDF string (PDFDocEncoding):
(hyperref)                removing `\\' on input line 5970.

[93]

Package natbib Warning: Citation `ref:PhysiCell' on page 94 undefined on input 
line 6005.

Package mdframed Info: mdframed inside float 
 mdframed uses option nobreak mdframed on input line 6034.
Package mdframed Info: mdframed inside a box 
 mdframed uses option nobreak mdframed on input line 6034.

Package hyperref Warning: Token not allowed in a PDF string (PDFDocEncoding):
(hyperref)                removing `\\' on input line 6041.


Package natbib Warning: Citation `ref:PhysiCell' on page 94 undefined on input 
line 6063.

Package mdframed Info: mdframed inside float 
 mdframed uses option nobreak mdframed on input line 6089.
Package mdframed Info: mdframed inside a box 
 mdframed uses option nobreak mdframed on input line 6089.
[94] [95]

Package hyperref Warning: Token not allowed in a PDF string (PDFDocEncoding):
(hyperref)                removing `\\' on input line 6108.


Package natbib Warning: Citation `ref:PhysiCell' on page 96 undefined on input 
line 6127.

Package mdframed Info: mdframed inside float 
 mdframed uses option nobreak mdframed on input line 6144.
Package mdframed Info: mdframed inside a box 
 mdframed uses option nobreak mdframed on input line 6144.

Package hyperref Warning: Token not allowed in a PDF string (PDFDocEncoding):
(hyperref)                removing `\\' on input line 6151.

[96]

Package natbib Warning: Citation `ref:PhysiCell' on page 97 undefined on input 
line 6173.

Package mdframed Info: mdframed inside float 
 mdframed uses option nobreak mdframed on input line 6195.
Package mdframed Info: mdframed inside a box 
 mdframed uses option nobreak mdframed on input line 6195.
LaTeX Font Info:    Font shape `OT1/cmtt/bx/n' in size <14.4> not available
(Font)              Font shape `OT1/cmtt/b/n' tried instead on input line 6200.


Package natbib Warning: Citation `ref:PhysiCell' on page 97 undefined on input 
line 6204.


Package natbib Warning: Citation `ref:PhysiCell' on page 97 undefined on input 
line 6248.

[97]

Package hyperref Warning: Token not allowed in a PDF string (PDFDocEncoding):
(hyperref)                removing `\\' on input line 6278.


LaTeX Font Warning: Command \small invalid in math mode on input line 6292.


LaTeX Font Warning: Command \small invalid in math mode on input line 6297.


LaTeX Font Warning: Command \small invalid in math mode on input line 6307.


LaTeX Font Warning: Command \small invalid in math mode on input line 6307.


LaTeX Font Warning: Command \small invalid in math mode on input line 6307.


LaTeX Font Warning: Command \small invalid in math mode on input line 6339.


LaTeX Font Warning: Command \small invalid in math mode on input line 6343.


LaTeX Font Warning: Command \small invalid in math mode on input line 6351.


LaTeX Font Warning: Command \small invalid in math mode on input line 6351.


LaTeX Font Warning: Command \small invalid in math mode on input line 6351.


Package natbib Warning: Citation `ref:PhysiCell' on page 98 undefined on input 
line 6380.

[98]

LaTeX Font Warning: Command \small invalid in math mode on input line 6451.


LaTeX Font Warning: Command \small invalid in math mode on input line 6451.

[99]

LaTeX Font Warning: Command \small invalid in math mode on input line 6456.


LaTeX Font Warning: Command \small invalid in math mode on input line 6456.


LaTeX Font Warning: Command \small invalid in math mode on input line 6457.


LaTeX Font Warning: Command \small invalid in math mode on input line 6461.

[100] [101] [102]
Overfull \hbox (1.37526pt too wide) in paragraph at lines 6645--6645
[]      \OT1/cmtt/m/n/12 (pCell->parameters.o2_hypoxic_response - pCell->parame
ters.o2_hypoxic_saturation);[] 
 []


Overfull \hbox (7.55026pt too wide) in paragraph at lines 6645--6645
[]      \OT1/cmtt/m/n/12 pCell->parameters.pReference_live_phenotype->mechanics
.cell_cell_adhesion_strength;[] 
 []

[103] [104] [105] [106]

Package natbib Warning: Citation `ref:MCF10A_apoptosis' on page 107 undefined o
n input line 6887.


Package natbib Warning: Citation `ref:MultiCellDS' on page 107 undefined on inp
ut line 6889.


Package natbib Warning: Citation `ref:MCF10A-NeoST' on page 107 undefined on in
put line 6889.


Package natbib Warning: Citation `ref:MCF10A_PSON' on page 107 undefined on inp
ut line 6889.


LaTeX Font Warning: Command \small invalid in math mode on input line 6896.


LaTeX Font Warning: Command \small invalid in math mode on input line 6896.


LaTeX Font Warning: Command \small invalid in math mode on input line 6897.


LaTeX Font Warning: Command \small invalid in math mode on input line 6897.


LaTeX Font Warning: Command \small invalid in math mode on input line 6897.


LaTeX Font Warning: Command \small invalid in math mode on input line 6901.


LaTeX Font Warning: Command \small invalid in math mode on input line 6902.


LaTeX Font Warning: Command \small invalid in math mode on input line 6902.


LaTeX Font Warning: Command \small invalid in math mode on input line 6903.


LaTeX Font Warning: Command \small invalid in math mode on input line 6904.


LaTeX Font Warning: Command \small invalid in math mode on input line 6922.


LaTeX Font Warning: Command \small invalid in math mode on input line 6922.


LaTeX Font Warning: Command \small invalid in math mode on input line 6922.


LaTeX Font Warning: Command \small invalid in math mode on input line 6923.


LaTeX Font Warning: Command \small invalid in math mode on input line 6923.


LaTeX Font Warning: Command \small invalid in math mode on input line 6923.


LaTeX Font Warning: Command \small invalid in math mode on input line 6924.


LaTeX Font Warning: Command \small invalid in math mode on input line 6924.


LaTeX Font Warning: Command \small invalid in math mode on input line 6924.


LaTeX Font Warning: Command \small invalid in math mode on input line 6924.

[107]

LaTeX Font Warning: Command \small invalid in math mode on input line 6928.


LaTeX Font Warning: Command \small invalid in math mode on input line 6929.


LaTeX Font Warning: Command \small invalid in math mode on input line 6929.


LaTeX Font Warning: Command \small invalid in math mode on input line 6930.


LaTeX Font Warning: Command \small invalid in math mode on input line 6931.


LaTeX Font Warning: Command \small invalid in math mode on input line 6946.


LaTeX Font Warning: Command \small invalid in math mode on input line 6946.


LaTeX Font Warning: Command \small invalid in math mode on input line 6946.


LaTeX Font Warning: Command \small invalid in math mode on input line 6947.


LaTeX Font Warning: Command \small invalid in math mode on input line 6947.


LaTeX Font Warning: Command \small invalid in math mode on input line 6947.


LaTeX Font Warning: Command \small invalid in math mode on input line 6948.


LaTeX Font Warning: Command \small invalid in math mode on input line 6948.


LaTeX Font Warning: Command \small invalid in math mode on input line 6948.


LaTeX Font Warning: Command \small invalid in math mode on input line 6949.


LaTeX Font Warning: Command \small invalid in math mode on input line 6949.


LaTeX Font Warning: Command \small invalid in math mode on input line 6949.


LaTeX Font Warning: Command \small invalid in math mode on input line 6949.


LaTeX Font Warning: Command \small invalid in math mode on input line 6949.


LaTeX Font Warning: Command \small invalid in math mode on input line 6953.


LaTeX Font Warning: Command \small invalid in math mode on input line 6954.


LaTeX Font Warning: Command \small invalid in math mode on input line 6954.


LaTeX Font Warning: Command \small invalid in math mode on input line 6955.


LaTeX Font Warning: Command \small invalid in math mode on input line 6956.


Package natbib Warning: Citation `ref:Ki67_MCF10A' on page 108 undefined on inp
ut line 6966.


LaTeX Font Warning: Command \small invalid in math mode on input line 6975.


LaTeX Font Warning: Command \small invalid in math mode on input line 6975.


LaTeX Font Warning: Command \small invalid in math mode on input line 6975.


LaTeX Font Warning: Command \small invalid in math mode on input line 6976.


LaTeX Font Warning: Command \small invalid in math mode on input line 6976.


LaTeX Font Warning: Command \small invalid in math mode on input line 6976.


LaTeX Font Warning: Command \small invalid in math mode on input line 6977.


LaTeX Font Warning: Command \small invalid in math mode on input line 6977.


LaTeX Font Warning: Command \small invalid in math mode on input line 6977.


LaTeX Font Warning: Command \small invalid in math mode on input line 6978.


LaTeX Font Warning: Command \small invalid in math mode on input line 6978.


LaTeX Font Warning: Command \small invalid in math mode on input line 6978.


LaTeX Font Warning: Command \small invalid in math mode on input line 6978.


LaTeX Font Warning: Command \small invalid in math mode on input line 6978.

[108]

LaTeX Font Warning: Command \small invalid in math mode on input line 6982.


LaTeX Font Warning: Command \small invalid in math mode on input line 6983.


LaTeX Font Warning: Command \small invalid in math mode on input line 6983.


LaTeX Font Warning: Command \small invalid in math mode on input line 6984.


LaTeX Font Warning: Command \small invalid in math mode on input line 6984.


LaTeX Font Warning: Command \small invalid in math mode on input line 6984.


LaTeX Font Warning: Command \small invalid in math mode on input line 6985.


Package natbib Warning: Citation `ref:Ki67_MCF10A' on page 109 undefined on inp
ut line 6996.


LaTeX Font Warning: Command \small invalid in math mode on input line 7005.


LaTeX Font Warning: Command \small invalid in math mode on input line 7005.


LaTeX Font Warning: Command \small invalid in math mode on input line 7005.


LaTeX Font Warning: Command \small invalid in math mode on input line 7006.


LaTeX Font Warning: Command \small invalid in math mode on input line 7006.


LaTeX Font Warning: Command \small invalid in math mode on input line 7006.


LaTeX Font Warning: Command \small invalid in math mode on input line 7007.


LaTeX Font Warning: Command \small invalid in math mode on input line 7007.


LaTeX Font Warning: Command \small invalid in math mode on input line 7007.


LaTeX Font Warning: Command \small invalid in math mode on input line 7008.


LaTeX Font Warning: Command \small invalid in math mode on input line 7008.


LaTeX Font Warning: Command \small invalid in math mode on input line 7008.


LaTeX Font Warning: Command \small invalid in math mode on input line 7009.


LaTeX Font Warning: Command \small invalid in math mode on input line 7009.


LaTeX Font Warning: Command \small invalid in math mode on input line 7009.


LaTeX Font Warning: Command \small invalid in math mode on input line 7009.


LaTeX Font Warning: Command \small invalid in math mode on input line 7009.


LaTeX Font Warning: Command \small invalid in math mode on input line 7009.


LaTeX Font Warning: Command \small invalid in math mode on input line 7013.


LaTeX Font Warning: Command \small invalid in math mode on input line 7014.


LaTeX Font Warning: Command \small invalid in math mode on input line 7014.


LaTeX Font Warning: Command \small invalid in math mode on input line 7015.


LaTeX Font Warning: Command \small invalid in math mode on input line 7015.


LaTeX Font Warning: Command \small invalid in math mode on input line 7016.


LaTeX Font Warning: Command \small invalid in math mode on input line 7018.


Package natbib Warning: Citation `ref:Ki67_MCF10A' on page 109 undefined on inp
ut line 7029.

[109]
No file User_Guide.bbl.

Package natbib Warning: There were undefined citations.

[110]
Package atveryend Info: Empty hook `BeforeClearDocument' on input line 7086.
Package atveryend Info: Empty hook `AfterLastShipout' on input line 7086.
 (User_Guide.aux)
Package atveryend Info: Executing hook `AtVeryEndDocument' on input line 7086.
Package atveryend Info: Executing hook `AtEndAfterFileList' on input line 7086.



Package rerunfilecheck Warning: File `User_Guide.out' has changed.
(rerunfilecheck)                Rerun to get outlines right
(rerunfilecheck)                or use package `bookmark'.

Package rerunfilecheck Info: Checksums for `User_Guide.out':
(rerunfilecheck)             Before: 1BCDDF1CF93728DD563D29E680706496;10838
(rerunfilecheck)             After:  FADFEA0F0FC65BF2E9405FE715F766B7;11238.

LaTeX Font Warning: Some font shapes were not available, defaults substituted.


LaTeX Warning: Label(s) may have changed. Rerun to get cross-references right.

Package atveryend Info: Empty hook `AtVeryVeryEnd' on input line 7086.
 ) 
Here is how much of TeX's memory you used:
 30991 strings out of 492970
 598294 string characters out of 3126593
 661290 words of memory out of 3000000
 33716 multiletter control sequences out of 15000+200000
 548730 words of font info for 89 fonts, out of 3000000 for 9000
 1141 hyphenation exceptions out of 8191
 55i,13n,76p,963b,1103s stack positions out of 5000i,500n,10000p,200000b,50000s
 <C:\Users\PaulT\AppData\Local\MiKTeX\2.9\fonts\pk\ljfour\public\cm\dpi864\cm
ttb10.pk> <C:\Users\PaulT\AppData\Local\MiKTeX\2.9\fonts\pk\ljfour\public\cm\dp
i720\cmttb10.pk><C:/Users/PaulT/AppData/Local/Programs/MiKTeX 2.9/fonts/type1/p
ublic/amsfonts/cm/cmbx12.pfb><C:/Users/PaulT/AppData/Local/Programs/MiKTeX 2.9/
fonts/type1/public/amsfonts/cm/cmbxti10.pfb><C:/Users/PaulT/AppData/Local/Progr
ams/MiKTeX 2.9/fonts/type1/public/amsfonts/cm/cmex10.pfb><C:/Users/PaulT/AppDat
a/Local/Programs/MiKTeX 2.9/fonts/type1/public/amsfonts/cm/cmitt10.pfb><C:/User
s/PaulT/AppData/Local/Programs/MiKTeX 2.9/fonts/type1/public/amsfonts/cm/cmmi12
.pfb><C:/Users/PaulT/AppData/Local/Programs/MiKTeX 2.9/fonts/type1/public/amsfo
nts/cm/cmmi6.pfb><C:/Users/PaulT/AppData/Local/Programs/MiKTeX 2.9/fonts/type1/
public/amsfonts/cm/cmmi8.pfb><C:/Users/PaulT/AppData/Local/Programs/MiKTeX 2.9/
fonts/type1/public/amsfonts/cm/cmmib10.pfb><C:/Users/PaulT/AppData/Local/Progra
ms/MiKTeX 2.9/fonts/type1/public/amsfonts/cm/cmr12.pfb><C:/Users/PaulT/AppData/
Local/Programs/MiKTeX 2.9/fonts/type1/public/amsfonts/cm/cmr17.pfb><C:/Users/Pa
ulT/AppData/Local/Programs/MiKTeX 2.9/fonts/type1/public/amsfonts/cm/cmr6.pfb><
C:/Users/PaulT/AppData/Local/Programs/MiKTeX 2.9/fonts/type1/public/amsfonts/cm
/cmr8.pfb><C:/Users/PaulT/AppData/Local/Programs/MiKTeX 2.9/fonts/type1/public/
amsfonts/cm/cmsy10.pfb><C:/Users/PaulT/AppData/Local/Programs/MiKTeX 2.9/fonts/
type1/public/amsfonts/cm/cmsy8.pfb><C:/Users/PaulT/AppData/Local/Programs/MiKTe
X 2.9/fonts/type1/public/amsfonts/cm/cmti12.pfb><C:/Users/PaulT/AppData/Local/P
rograms/MiKTeX 2.9/fonts/type1/public/amsfonts/cm/cmtt10.pfb><C:/Users/PaulT/Ap
pData/Local/Programs/MiKTeX 2.9/fonts/type1/public/amsfonts/cm/cmtt12.pfb><C:/U
sers/PaulT/AppData/Local/Programs/MiKTeX 2.9/fonts/type1/public/amsfonts/cm/cmt
t8.pfb>
Output written on User_Guide.pdf (110 pages, 710664 bytes).
PDF statistics:
 2251 PDF objects out of 2487 (max. 8388607)
 743 named destinations out of 1000 (max. 500000)
 1045 words of extra memory for PDF output out of 10000 (max. 10000000)

