\BOOKMARK [1][-]{section.1}{Introduction and citing PhysiCell }{}% 1
\BOOKMARK [1][-]{section.2}{Getting started: The Quickstart and your First Simulation}{}% 2
\BOOKMARK [1][-]{section.3}{Further resources for help}{}% 3
\BOOKMARK [1][-]{section.4}{Preparing your development environment }{}% 4
\BOOKMARK [2][-]{subsection.4.1}{Special notes for OSX users}{section.4}% 5
\BOOKMARK [2][-]{subsection.4.2}{Virtual Machine option }{section.4}% 6
\BOOKMARK [2][-]{subsection.4.3}{Suggested tutorials and resources}{section.4}% 7
\BOOKMARK [3][-]{subsubsection.4.3.1}{Linux and Makefile tutorials}{subsection.4.3}% 8
\BOOKMARK [3][-]{subsubsection.4.3.2}{C++ references}{subsection.4.3}% 9
\BOOKMARK [3][-]{subsubsection.4.3.3}{Matlab tutorials}{subsection.4.3}% 10
\BOOKMARK [3][-]{subsubsection.4.3.4}{VirtualBox and related information \(virtual appliances\)}{subsection.4.3}% 11
\BOOKMARK [3][-]{subsubsection.4.3.5}{Recommended additional tools}{subsection.4.3}% 12
\BOOKMARK [1][-]{section.5}{Overall codebase structure }{}% 13
\BOOKMARK [1][-]{section.6}{Using project templates }{}% 14
\BOOKMARK [1][-]{section.7}{Using the Sample Projects}{}% 15
\BOOKMARK [2][-]{subsection.7.1}{Extra makefile rules}{section.7}% 16
\BOOKMARK [1][-]{section.8}{The BioFVM microenvironment }{}% 17
\BOOKMARK [2][-]{subsection.8.1}{A brief note on the microenvironment}{section.8}% 18
\BOOKMARK [2][-]{subsection.8.2}{Setting up and using the microenvironment}{section.8}% 19
\BOOKMARK [3][-]{subsubsection.8.2.1}{Setting BioFVM options}{subsection.8.2}% 20
\BOOKMARK [3][-]{subsubsection.8.2.2}{Adding new diffusing substrates to the tissue environment}{subsection.8.2}% 21
\BOOKMARK [3][-]{subsubsection.8.2.3}{Initializing the BioFVM tissue microenvironment}{subsection.8.2}% 22
\BOOKMARK [2][-]{subsection.8.3}{Sampling the microenvironment}{section.8}% 23
\BOOKMARK [2][-]{subsection.8.4}{Dirichlet conditions}{section.8}% 24
\BOOKMARK [3][-]{subsubsection.8.4.1}{Refined control of Dirchlet conditions}{subsection.8.4}% 25
\BOOKMARK [2][-]{subsection.8.5}{Other BioFVM resources}{section.8}% 26
\BOOKMARK [1][-]{section.9}{Cells }{}% 27
\BOOKMARK [2][-]{subsection.9.1}{Other member data}{section.9}% 28
\BOOKMARK [2][-]{subsection.9.2}{Member functions}{section.9}% 29
\BOOKMARK [2][-]{subsection.9.3}{Other key functions}{section.9}% 30
\BOOKMARK [2][-]{subsection.9.4}{Important classes \(except Phenotype\)}{section.9}% 31
\BOOKMARK [3][-]{subsubsection.9.4.1}{Custom\137Cell\137Data}{subsection.9.4}% 32
\BOOKMARK [3][-]{subsubsection.9.4.2}{Cell\137Parameters}{subsection.9.4}% 33
\BOOKMARK [3][-]{subsubsection.9.4.3}{Cell\137Functions}{subsection.9.4}% 34
\BOOKMARK [3][-]{subsubsection.9.4.4}{Cell\137State}{subsection.9.4}% 35
\BOOKMARK [3][-]{subsubsection.9.4.5}{Cell Definition}{subsection.9.4}% 36
\BOOKMARK [1][-]{section.10}{Phenotype }{}% 37
\BOOKMARK [2][-]{subsection.10.1}{Member functions }{section.10}% 38
\BOOKMARK [1][-]{section.11}{Phenotype details}{}% 39
\BOOKMARK [2][-]{subsection.11.1}{Cycle Models}{section.11}% 40
\BOOKMARK [3][-]{subsubsection.11.1.1}{Phase }{subsection.11.1}% 41
\BOOKMARK [3][-]{subsubsection.11.1.2}{Phase\137Link }{subsection.11.1}% 42
\BOOKMARK [3][-]{subsubsection.11.1.3}{Cycle\137Model }{subsection.11.1}% 43
\BOOKMARK [3][-]{subsubsection.11.1.4}{Cycle\137Data }{subsection.11.1}% 44
\BOOKMARK [3][-]{subsubsection.11.1.5}{Cycle }{subsection.11.1}% 45
\BOOKMARK [2][-]{subsection.11.2}{Death models }{section.11}% 46
\BOOKMARK [3][-]{subsubsection.11.2.1}{Death\137Parameters }{subsection.11.2}% 47
\BOOKMARK [3][-]{subsubsection.11.2.2}{Death }{subsection.11.2}% 48
\BOOKMARK [2][-]{subsection.11.3}{Volume }{section.11}% 49
\BOOKMARK [3][-]{subsubsection.11.3.1}{Member functions}{subsection.11.3}% 50
\BOOKMARK [2][-]{subsection.11.4}{Geometry }{section.11}% 51
\BOOKMARK [3][-]{subsubsection.11.4.1}{Member functions}{subsection.11.4}% 52
\BOOKMARK [2][-]{subsection.11.5}{Mechanics }{section.11}% 53
\BOOKMARK [3][-]{subsubsection.11.5.1}{Member functions}{subsection.11.5}% 54
\BOOKMARK [2][-]{subsection.11.6}{Motility }{section.11}% 55
\BOOKMARK [3][-]{subsubsection.11.6.1}{Member functions}{subsection.11.6}% 56
\BOOKMARK [3][-]{subsubsection.11.6.2}{Motility definitions}{subsection.11.6}% 57
\BOOKMARK [2][-]{subsection.11.7}{Secretion }{section.11}% 58
\BOOKMARK [3][-]{subsubsection.11.7.1}{Member functions}{subsection.11.7}% 59
\BOOKMARK [1][-]{section.12}{Cell Containers}{}% 60
\BOOKMARK [1][-]{section.13}{PhysiCell Outputs }{}% 61
\BOOKMARK [2][-]{subsection.13.1}{Virtual Pathology}{section.13}% 62
\BOOKMARK [3][-]{subsubsection.13.1.1}{SVG functions }{subsection.13.1}% 63
\BOOKMARK [3][-]{subsubsection.13.1.2}{Pathology functions }{subsection.13.1}% 64
\BOOKMARK [3][-]{subsubsection.13.1.3}{Cell coloring functions }{subsection.13.1}% 65
\BOOKMARK [3][-]{subsubsection.13.1.4}{Examples of custom cell coloring functions}{subsection.13.1}% 66
\BOOKMARK [2][-]{subsection.13.2}{MultiCellDS digital simulation snapshots }{section.13}% 67
\BOOKMARK [3][-]{subsubsection.13.2.1}{Reading PhysiCell snapshots in MATLAB}{subsection.13.2}% 68
\BOOKMARK [2][-]{subsection.13.3}{Other outputs }{section.13}% 69
\BOOKMARK [1][-]{section.14}{Key initialization functions }{}% 70
\BOOKMARK [1][-]{section.15}{Key global data structures }{}% 71
\BOOKMARK [2][-]{subsection.15.1}{Global strings}{section.15}% 72
\BOOKMARK [2][-]{subsection.15.2}{Default microenvironment }{section.15}% 73
\BOOKMARK [2][-]{subsection.15.3}{Default cell definition }{section.15}% 74
\BOOKMARK [2][-]{subsection.15.4}{A list of all cells}{section.15}% 75
\BOOKMARK [2][-]{subsection.15.5}{MultiCellDS options }{section.15}% 76
\BOOKMARK [3][-]{subsubsection.15.5.1}{Software metadata}{subsection.15.5}% 77
\BOOKMARK [3][-]{subsubsection.15.5.2}{Citation metadata}{subsection.15.5}% 78
\BOOKMARK [3][-]{subsubsection.15.5.3}{Person metadata}{subsection.15.5}% 79
\BOOKMARK [2][-]{subsection.15.6}{SVG options }{section.15}% 80
\BOOKMARK [2][-]{subsection.15.7}{PhysiCell Constants }{section.15}% 81
\BOOKMARK [1][-]{section.16}{Standard models }{}% 82
\BOOKMARK [2][-]{subsection.16.1}{Cell Cycle Models }{section.16}% 83
\BOOKMARK [3][-]{subsubsection.16.1.1}{Live \(live\) code: PhysiCell\137constants::live\137cells\137cycle\137model\)}{subsection.16.1}% 84
\BOOKMARK [3][-]{subsubsection.16.1.2}{Ki-67 Basic \(Ki67\137basic\) \(Code: PhysiCell\137constants::basic\137Ki67\137cycle\137model\)}{subsection.16.1}% 85
\BOOKMARK [3][-]{subsubsection.16.1.3}{Ki-67 Advanced \(Ki67\137advanced\) \(code: PhysiCell\137constants::advanced\137Ki67\137cycle\137model\)}{subsection.16.1}% 86
\BOOKMARK [2][-]{subsection.16.2}{Death Cycle Models}{section.16}% 87
\BOOKMARK [3][-]{subsubsection.16.2.1}{Apoptosis \(apoptosis\) \(code: PhysiCell\137constants::apoptosis\137death\137model\)}{subsection.16.2}% 88
\BOOKMARK [3][-]{subsubsection.16.2.2}{Necrosis \(necrosis\) \(code: PhysiCell\137constants::necrosis\137death\137model\)}{subsection.16.2}% 89
\BOOKMARK [2][-]{subsection.16.3}{Volume model \(standard\137volume\137update\137function\)}{section.16}% 90
\BOOKMARK [2][-]{subsection.16.4}{Cell velocity model \(standard\137update\137cell\137velocity\)}{section.16}% 91
\BOOKMARK [2][-]{subsection.16.5}{Up orientation model \(up\137orientation\)}{section.16}% 92
\BOOKMARK [2][-]{subsection.16.6}{Oxygen-dependent phenotype \040\(update\137cell\137and\137death\137parameters\137O2\137based\)}{section.16}% 93
\BOOKMARK [1][-]{section.17}{Examples}{}% 94
\BOOKMARK [2][-]{subsection.17.1}{Working with Cell functions}{section.17}% 95
\BOOKMARK [3][-]{subsubsection.17.1.1}{Example: a custom volume model}{subsection.17.1}% 96
\BOOKMARK [3][-]{subsubsection.17.1.2}{Example: a custom migration bias}{subsection.17.1}% 97
\BOOKMARK [3][-]{subsubsection.17.1.3}{Example: a custom cell rule}{subsection.17.1}% 98
\BOOKMARK [3][-]{subsubsection.17.1.4}{Example: a custom phenotype update function}{subsection.17.1}% 99
\BOOKMARK [3][-]{subsubsection.17.1.5}{Example: a custom velocity update function}{subsection.17.1}% 100
\BOOKMARK [3][-]{subsubsection.17.1.6}{Example: analytical basement membrane functions}{subsection.17.1}% 101
\BOOKMARK [3][-]{subsubsection.17.1.7}{Example: a custom cell orientation function}{subsection.17.1}% 102
\BOOKMARK [2][-]{subsection.17.2}{Cell cycle models}{section.17}% 103
\BOOKMARK [3][-]{subsubsection.17.2.1}{Creating a custom cell cycle model}{subsection.17.2}% 104
\BOOKMARK [3][-]{subsubsection.17.2.2}{Adding an arrest function}{subsection.17.2}% 105
\BOOKMARK [3][-]{subsubsection.17.2.3}{Adding a custom phase entry function}{subsection.17.2}% 106
\BOOKMARK [1][-]{section.18}{Future}{}% 107
\BOOKMARK [1][-]{section.19}{Some notes on parameter values}{}% 108
\BOOKMARK [2][-]{subsection.19.1}{Live cycle model}{section.19}% 109
\BOOKMARK [2][-]{subsection.19.2}{Ki67 Basic model}{section.19}% 110
\BOOKMARK [2][-]{subsection.19.3}{Ki67 Advanced model}{section.19}% 111
\BOOKMARK [1][-]{section.20}{Acknowledgements}{}% 112
